[debug] [2025-09-01T16:38:13.226Z] ----------------------------------------------------------------------
[debug] [2025-09-01T16:38:13.229Z] Command:       C:\Program Files\nodejs\node.exe C:\Users\bruno\AppData\Roaming\npm\node_modules\firebase-tools\lib\bin\firebase.js deploy --only functions
[debug] [2025-09-01T16:38:13.229Z] CLI Version:   14.15.1
[debug] [2025-09-01T16:38:13.230Z] Platform:      win32
[debug] [2025-09-01T16:38:13.230Z] Node Version:  v20.11.1
[debug] [2025-09-01T16:38:13.230Z] Time:          Mon Sep 01 2025 17:38:13 GMT+0100 (Hora de verão da Europa Ocidental)
[debug] [2025-09-01T16:38:13.230Z] ----------------------------------------------------------------------
[debug] 
[debug] [2025-09-01T16:38:13.465Z] > command requires scopes: ["email","openid","https://www.googleapis.com/auth/cloudplatformprojects.readonly","https://www.googleapis.com/auth/firebase","https://www.googleapis.com/auth/cloud-platform"]
[debug] [2025-09-01T16:38:13.466Z] > authorizing via signed-in user (brunopiresrito@gmail.com)
[debug] [2025-09-01T16:38:13.466Z] [iam] checking project ecocollab-9b9c7 for permissions ["cloudfunctions.functions.create","cloudfunctions.functions.delete","cloudfunctions.functions.get","cloudfunctions.functions.list","cloudfunctions.functions.update","cloudfunctions.operations.get","firebase.projects.get"]
[debug] [2025-09-01T16:38:13.467Z] Checked if tokens are valid: true, expires at: 1756746929613
[debug] [2025-09-01T16:38:13.467Z] Checked if tokens are valid: true, expires at: 1756746929613
[debug] [2025-09-01T16:38:13.468Z] >>> [apiv2][query] POST https://cloudresourcemanager.googleapis.com/v1/projects/ecocollab-9b9c7:testIamPermissions [none]
[debug] [2025-09-01T16:38:13.468Z] >>> [apiv2][(partial)header] POST https://cloudresourcemanager.googleapis.com/v1/projects/ecocollab-9b9c7:testIamPermissions x-goog-quota-user=projects/ecocollab-9b9c7
[debug] [2025-09-01T16:38:13.469Z] >>> [apiv2][body] POST https://cloudresourcemanager.googleapis.com/v1/projects/ecocollab-9b9c7:testIamPermissions {"permissions":["cloudfunctions.functions.create","cloudfunctions.functions.delete","cloudfunctions.functions.get","cloudfunctions.functions.list","cloudfunctions.functions.update","cloudfunctions.operations.get","firebase.projects.get"]}
[debug] [2025-09-01T16:38:13.787Z] <<< [apiv2][status] POST https://cloudresourcemanager.googleapis.com/v1/projects/ecocollab-9b9c7:testIamPermissions 200
[debug] [2025-09-01T16:38:13.787Z] <<< [apiv2][body] POST https://cloudresourcemanager.googleapis.com/v1/projects/ecocollab-9b9c7:testIamPermissions {"permissions":["cloudfunctions.functions.create","cloudfunctions.functions.delete","cloudfunctions.functions.get","cloudfunctions.functions.list","cloudfunctions.functions.update","cloudfunctions.operations.get","firebase.projects.get"]}
[debug] [2025-09-01T16:38:13.787Z] Checked if tokens are valid: true, expires at: 1756746929613
[debug] [2025-09-01T16:38:13.788Z] Checked if tokens are valid: true, expires at: 1756746929613
[debug] [2025-09-01T16:38:13.788Z] >>> [apiv2][query] POST https://iam.googleapis.com/v1/projects/ecocollab-9b9c7/serviceAccounts/ecocollab-9b9c7@appspot.gserviceaccount.com:testIamPermissions [none]
[debug] [2025-09-01T16:38:13.788Z] >>> [apiv2][body] POST https://iam.googleapis.com/v1/projects/ecocollab-9b9c7/serviceAccounts/ecocollab-9b9c7@appspot.gserviceaccount.com:testIamPermissions {"permissions":["iam.serviceAccounts.actAs"]}
[debug] [2025-09-01T16:38:14.498Z] <<< [apiv2][status] POST https://iam.googleapis.com/v1/projects/ecocollab-9b9c7/serviceAccounts/ecocollab-9b9c7@appspot.gserviceaccount.com:testIamPermissions 200
[debug] [2025-09-01T16:38:14.498Z] <<< [apiv2][body] POST https://iam.googleapis.com/v1/projects/ecocollab-9b9c7/serviceAccounts/ecocollab-9b9c7@appspot.gserviceaccount.com:testIamPermissions {"permissions":["iam.serviceAccounts.actAs"]}
[info] 
[info] === Deploying to 'ecocollab-9b9c7'...
[info] 
[info] i  deploying functions 
[info] Running command: npm --prefix "$RESOURCE_DIR" run lint
[info] Running command: npm --prefix "$RESOURCE_DIR" run build
[info] +  functions: Finished running predeploy script. 
[debug] [2025-09-01T16:38:24.377Z] Checked if tokens are valid: true, expires at: 1756746929613
[debug] [2025-09-01T16:38:24.377Z] Checked if tokens are valid: true, expires at: 1756746929613
[debug] [2025-09-01T16:38:24.377Z] >>> [apiv2][query] GET https://cloudresourcemanager.googleapis.com/v1/projects/ecocollab-9b9c7 [none]
[debug] [2025-09-01T16:38:25.057Z] <<< [apiv2][status] GET https://cloudresourcemanager.googleapis.com/v1/projects/ecocollab-9b9c7 200
[debug] [2025-09-01T16:38:25.057Z] <<< [apiv2][body] GET https://cloudresourcemanager.googleapis.com/v1/projects/ecocollab-9b9c7 {"projectNumber":"126163217001","projectId":"ecocollab-9b9c7","lifecycleState":"ACTIVE","name":"EcoCollab","labels":{"firebase":"enabled","firebase-core":"disabled"},"createTime":"2025-07-14T16:15:41.390152Z"}
[info] i  functions: preparing codebase default for deployment 
[info] i  functions: ensuring required API cloudfunctions.googleapis.com is enabled... 
[info] i  functions: ensuring required API cloudbuild.googleapis.com is enabled... 
[info] i  artifactregistry: ensuring required API artifactregistry.googleapis.com is enabled... 
[debug] [2025-09-01T16:38:25.061Z] Checked if tokens are valid: true, expires at: 1756746929613
[debug] [2025-09-01T16:38:25.061Z] Checked if tokens are valid: true, expires at: 1756746929613
[debug] [2025-09-01T16:38:25.061Z] >>> [apiv2][query] GET https://firebase.googleapis.com/v1beta1/projects/ecocollab-9b9c7/adminSdkConfig [none]
[debug] [2025-09-01T16:38:25.371Z] <<< [apiv2][status] GET https://firebase.googleapis.com/v1beta1/projects/ecocollab-9b9c7/adminSdkConfig 200
[debug] [2025-09-01T16:38:25.371Z] <<< [apiv2][body] GET https://firebase.googleapis.com/v1beta1/projects/ecocollab-9b9c7/adminSdkConfig {"projectId":"ecocollab-9b9c7","storageBucket":"ecocollab-9b9c7.firebasestorage.app"}
[debug] [2025-09-01T16:38:25.371Z] Checked if tokens are valid: true, expires at: 1756746929613
[debug] [2025-09-01T16:38:25.372Z] Checked if tokens are valid: true, expires at: 1756746929613
[debug] [2025-09-01T16:38:25.372Z] >>> [apiv2][query] GET https://runtimeconfig.googleapis.com/v1beta1/projects/ecocollab-9b9c7/configs [none]
[debug] [2025-09-01T16:38:25.697Z] <<< [apiv2][status] GET https://runtimeconfig.googleapis.com/v1beta1/projects/ecocollab-9b9c7/configs 200
[debug] [2025-09-01T16:38:25.697Z] <<< [apiv2][body] GET https://runtimeconfig.googleapis.com/v1beta1/projects/ecocollab-9b9c7/configs {"configs":[{"name":"projects/ecocollab-9b9c7/configs/ors"}]}
[debug] [2025-09-01T16:38:25.698Z] Checked if tokens are valid: true, expires at: 1756746929613
[debug] [2025-09-01T16:38:25.699Z] Checked if tokens are valid: true, expires at: 1756746929613
[debug] [2025-09-01T16:38:25.699Z] >>> [apiv2][query] GET https://runtimeconfig.googleapis.com/v1beta1/projects/ecocollab-9b9c7/configs/ors/variables [none]
[debug] [2025-09-01T16:38:25.926Z] <<< [apiv2][status] GET https://runtimeconfig.googleapis.com/v1beta1/projects/ecocollab-9b9c7/configs/ors/variables 200
[debug] [2025-09-01T16:38:25.926Z] <<< [apiv2][body] GET https://runtimeconfig.googleapis.com/v1beta1/projects/ecocollab-9b9c7/configs/ors/variables {"variables":[{"name":"projects/ecocollab-9b9c7/configs/ors/variables/key","updateTime":"2025-08-28T01:53:21.561336370Z"}]}
[debug] [2025-09-01T16:38:25.926Z] Checked if tokens are valid: true, expires at: 1756746929613
[debug] [2025-09-01T16:38:25.926Z] Checked if tokens are valid: true, expires at: 1756746929613
[debug] [2025-09-01T16:38:25.926Z] >>> [apiv2][query] GET https://runtimeconfig.googleapis.com/v1beta1/projects/ecocollab-9b9c7/configs/ors/variables/key [none]
[debug] [2025-09-01T16:38:26.150Z] <<< [apiv2][status] GET https://runtimeconfig.googleapis.com/v1beta1/projects/ecocollab-9b9c7/configs/ors/variables/key 200
[debug] [2025-09-01T16:38:26.150Z] <<< [apiv2][body] GET https://runtimeconfig.googleapis.com/v1beta1/projects/ecocollab-9b9c7/configs/ors/variables/key {"name":"projects/ecocollab-9b9c7/configs/ors/variables/key","updateTime":"2025-08-28T01:53:21.561336370Z","text":"eyJvcmciOiI1YjNjZTM1OTc4NTExMTAwMDFjZjYyNDgiLCJpZCI6IjUzYmZkZjIyNWM0YzQ0MWZhMzExYzcxMmNmZjk2YzRhIiwiaCI6Im11cm11cjY0In0="}
[debug] [2025-09-01T16:38:26.152Z] Validating nodejs source
[debug] [2025-09-01T16:38:27.726Z] > [functions] package.json contents: {
  "name": "functions",
  "scripts": {
    "lint": "echo \"Skipping lint (ESLint flat config)\"",
    "build": "tsc",
    "build:watch": "tsc --watch",
    "serve": "npm run build && firebase emulators:start --only functions",
    "shell": "npm run build && firebase functions:shell",
    "start": "npm run shell",
    "deploy": "firebase deploy --only functions",
    "logs": "firebase functions:log"
  },
  "engines": {
    "node": "20"
  },
  "main": "lib/index.js",
  "dependencies": {
    "firebase-admin": "^12.6.0",
    "firebase-functions": "^6.0.1"
  },
  "devDependencies": {
    "@eslint/js": "^9.34.0",
    "@typescript-eslint/eslint-plugin": "^5.12.0",
    "@typescript-eslint/parser": "^5.12.0",
    "eslint": "^8.57.1",
    "eslint-config-google": "^0.14.0",
    "eslint-plugin-import": "^2.25.4",
    "firebase-functions-test": "^3.1.0",
    "typescript": "^5.7.3",
    "typescript-eslint": "^8.41.0"
  },
  "private": true
}
[debug] [2025-09-01T16:38:27.726Z] Building nodejs source
[info] i  functions: Loading and analyzing source code for codebase default to determine what to deploy 
[debug] [2025-09-01T16:38:27.731Z] Could not find functions.yaml. Must use http discovery
[debug] [2025-09-01T16:38:27.748Z] Found firebase-functions binary at 'C:\Users\bruno\EcoCollab\functions\node_modules\.bin\firebase-functions'
[info] Serving at port 8905

[debug] [2025-09-01T16:38:28.446Z] Got response from /__/functions.yaml {"endpoints":{"adminSetRole":{"platform":"gcfv1","labels":{},"availableMemoryMb":null,"timeoutSeconds":null,"minInstances":null,"maxInstances":null,"ingressSettings":null,"serviceAccountEmail":null,"vpc":null,"callableTrigger":{},"entryPoint":"adminSetRole"},"adminDeleteUser":{"platform":"gcfv1","labels":{},"availableMemoryMb":null,"timeoutSeconds":null,"minInstances":null,"maxInstances":null,"ingressSettings":null,"serviceAccountEmail":null,"vpc":null,"callableTrigger":{},"entryPoint":"adminDeleteUser"}},"specVersion":"v1alpha1","requiredAPIs":[],"extensions":{}}
[info] i  extensions: ensuring required API firebaseextensions.googleapis.com is enabled... 
[debug] [2025-09-01T16:38:33.483Z] > command requires scopes: ["email","openid","https://www.googleapis.com/auth/cloudplatformprojects.readonly","https://www.googleapis.com/auth/firebase","https://www.googleapis.com/auth/cloud-platform"]
[debug] [2025-09-01T16:38:33.483Z] > authorizing via signed-in user (brunopiresrito@gmail.com)
[debug] [2025-09-01T16:38:33.483Z] [iam] checking project ecocollab-9b9c7 for permissions ["firebase.projects.get","firebaseextensions.instances.list"]
[debug] [2025-09-01T16:38:33.484Z] Checked if tokens are valid: true, expires at: 1756746929613
[debug] [2025-09-01T16:38:33.484Z] Checked if tokens are valid: true, expires at: 1756746929613
[debug] [2025-09-01T16:38:33.484Z] >>> [apiv2][query] POST https://cloudresourcemanager.googleapis.com/v1/projects/ecocollab-9b9c7:testIamPermissions [none]
[debug] [2025-09-01T16:38:33.484Z] >>> [apiv2][(partial)header] POST https://cloudresourcemanager.googleapis.com/v1/projects/ecocollab-9b9c7:testIamPermissions x-goog-quota-user=projects/ecocollab-9b9c7
[debug] [2025-09-01T16:38:33.484Z] >>> [apiv2][body] POST https://cloudresourcemanager.googleapis.com/v1/projects/ecocollab-9b9c7:testIamPermissions {"permissions":["firebase.projects.get","firebaseextensions.instances.list"]}
[debug] [2025-09-01T16:38:34.147Z] <<< [apiv2][status] POST https://cloudresourcemanager.googleapis.com/v1/projects/ecocollab-9b9c7:testIamPermissions 200
[debug] [2025-09-01T16:38:34.148Z] <<< [apiv2][body] POST https://cloudresourcemanager.googleapis.com/v1/projects/ecocollab-9b9c7:testIamPermissions {"permissions":["firebase.projects.get","firebaseextensions.instances.list"]}
[debug] [2025-09-01T16:38:34.148Z] Checked if tokens are valid: true, expires at: 1756746929613
[debug] [2025-09-01T16:38:34.148Z] Checked if tokens are valid: true, expires at: 1756746929613
[debug] [2025-09-01T16:38:34.149Z] >>> [apiv2][query] GET https://firebaseextensions.googleapis.com/v1beta/projects/ecocollab-9b9c7/instances pageSize=100&pageToken=
[debug] [2025-09-01T16:38:34.958Z] <<< [apiv2][status] GET https://firebaseextensions.googleapis.com/v1beta/projects/ecocollab-9b9c7/instances 200
[debug] [2025-09-01T16:38:34.958Z] <<< [apiv2][body] GET https://firebaseextensions.googleapis.com/v1beta/projects/ecocollab-9b9c7/instances {}
[info] i  functions: preparing functions directory for uploading... 
[info] i  functions: packaged C:\Users\bruno\EcoCollab\functions (97.94 KB) for uploading 
[debug] [2025-09-01T16:38:35.017Z] Checked if tokens are valid: true, expires at: 1756746929613
[debug] [2025-09-01T16:38:35.017Z] Checked if tokens are valid: true, expires at: 1756746929613
[debug] [2025-09-01T16:38:35.017Z] >>> [apiv2][query] GET https://cloudfunctions.googleapis.com/v1/projects/ecocollab-9b9c7/locations/-/functions [none]
[debug] [2025-09-01T16:38:35.712Z] <<< [apiv2][status] GET https://cloudfunctions.googleapis.com/v1/projects/ecocollab-9b9c7/locations/-/functions 200
[debug] [2025-09-01T16:38:35.712Z] <<< [apiv2][body] GET https://cloudfunctions.googleapis.com/v1/projects/ecocollab-9b9c7/locations/-/functions {}
[debug] [2025-09-01T16:38:35.712Z] Checked if tokens are valid: true, expires at: 1756746929613
[debug] [2025-09-01T16:38:35.712Z] Checked if tokens are valid: true, expires at: 1756746929613
[debug] [2025-09-01T16:38:35.712Z] >>> [apiv2][query] GET https://cloudfunctions.googleapis.com/v2/projects/ecocollab-9b9c7/locations/-/functions filter=environment%3D%22GEN_2%22
[debug] [2025-09-01T16:38:36.699Z] <<< [apiv2][status] GET https://cloudfunctions.googleapis.com/v2/projects/ecocollab-9b9c7/locations/-/functions 200
[debug] [2025-09-01T16:38:36.699Z] <<< [apiv2][body] GET https://cloudfunctions.googleapis.com/v2/projects/ecocollab-9b9c7/locations/-/functions {}
[debug] [2025-09-01T16:38:36.703Z] Checked if tokens are valid: true, expires at: 1756746929613
[debug] [2025-09-01T16:38:36.703Z] Checked if tokens are valid: true, expires at: 1756746929613
[debug] [2025-09-01T16:38:36.703Z] >>> [apiv2][query] GET https://cloudresourcemanager.googleapis.com/v1/projects/ecocollab-9b9c7 [none]
[debug] [2025-09-01T16:38:36.893Z] <<< [apiv2][status] GET https://cloudresourcemanager.googleapis.com/v1/projects/ecocollab-9b9c7 200
[debug] [2025-09-01T16:38:36.894Z] <<< [apiv2][body] GET https://cloudresourcemanager.googleapis.com/v1/projects/ecocollab-9b9c7 {"projectNumber":"126163217001","projectId":"ecocollab-9b9c7","lifecycleState":"ACTIVE","name":"EcoCollab","labels":{"firebase":"enabled","firebase-core":"disabled"},"createTime":"2025-07-14T16:15:41.390152Z"}
[debug] [2025-09-01T16:38:36.894Z] Checked if tokens are valid: true, expires at: 1756746929613
[debug] [2025-09-01T16:38:36.895Z] Checked if tokens are valid: true, expires at: 1756746929613
[debug] [2025-09-01T16:38:36.895Z] >>> [apiv2][query] GET https://cloudbilling.googleapis.com/v1/projects/ecocollab-9b9c7/billingInfo [none]
[debug] [2025-09-01T16:38:37.649Z] <<< [apiv2][status] GET https://cloudbilling.googleapis.com/v1/projects/ecocollab-9b9c7/billingInfo 200
[debug] [2025-09-01T16:38:37.649Z] <<< [apiv2][body] GET https://cloudbilling.googleapis.com/v1/projects/ecocollab-9b9c7/billingInfo {"name":"projects/ecocollab-9b9c7/billingInfo","projectId":"ecocollab-9b9c7","billingAccountName":"billingAccounts/013654-37ED23-02C139","billingEnabled":true}
[debug] [2025-09-01T16:38:37.650Z] Checked if tokens are valid: true, expires at: 1756746929613
[debug] [2025-09-01T16:38:37.650Z] Checked if tokens are valid: true, expires at: 1756746929613
[debug] [2025-09-01T16:38:37.650Z] >>> [apiv2][query] POST https://cloudfunctions.googleapis.com/v1/projects/ecocollab-9b9c7/locations/us-central1/functions:generateUploadUrl [none]
[debug] [2025-09-01T16:38:37.650Z] >>> [apiv2][body] POST https://cloudfunctions.googleapis.com/v1/projects/ecocollab-9b9c7/locations/us-central1/functions:generateUploadUrl {}
[debug] [2025-09-01T16:38:38.237Z] <<< [apiv2][status] POST https://cloudfunctions.googleapis.com/v1/projects/ecocollab-9b9c7/locations/us-central1/functions:generateUploadUrl 200
[debug] [2025-09-01T16:38:38.237Z] <<< [apiv2][body] POST https://cloudfunctions.googleapis.com/v1/projects/ecocollab-9b9c7/locations/us-central1/functions:generateUploadUrl {"uploadUrl":"https://storage.googleapis.com/uploads-112665752745.us-central1.cloudfunctions.appspot.com/0e7dce2b-46c0-4bb9-9104-c17036c9017f.zip?GoogleAccessId=service-126163217001@gcf-admin-robot.iam.gserviceaccount.com&Expires=1756746517&Signature=BoGXPR1WzJRo1DMdkACExaLEKCcgl%2FzgtSkjHrqiqcLeFMNB%2F24lMRup%2BPLSHMZ8zu425bc6UdZJsBIus0Uz3PzlSRm%2FsvbQ7Rh9n%2Bs2Gw6GIcgGzWqS6eSneNE%2F5Tyaa2tGliaN7T%2FQv%2FHyXWLv1ltS5xOvWnUFIElR4Qt8d5tSNNX36RDgzP4WoFvRCLjXE8WTfS4swkML2J5xxvOaIdKZvRpbNFjgNMe57t436qV4u%2BJ%2BLFEI31jydKXGQhfvKLJQLS6nYYzOxuOQah1sTMpjt9Sn4mOESNzvdMTSLC91klIzTsRc1lEryjDBoD7hJ3rB1tungMnyzcNkbhnCWA%3D%3D"}
[debug] [2025-09-01T16:38:38.238Z] >>> [apiv2][query] PUT https://storage.googleapis.com/uploads-112665752745.us-central1.cloudfunctions.appspot.com/0e7dce2b-46c0-4bb9-9104-c17036c9017f.zip GoogleAccessId=service-126163217001%40gcf-admin-robot.iam.gserviceaccount.com&Expires=1756746517&Signature=BoGXPR1WzJRo1DMdkACExaLEKCcgl%2FzgtSkjHrqiqcLeFMNB%2F24lMRup%2BPLSHMZ8zu425bc6UdZJsBIus0Uz3PzlSRm%2FsvbQ7Rh9n%2Bs2Gw6GIcgGzWqS6eSneNE%2F5Tyaa2tGliaN7T%2FQv%2FHyXWLv1ltS5xOvWnUFIElR4Qt8d5tSNNX36RDgzP4WoFvRCLjXE8WTfS4swkML2J5xxvOaIdKZvRpbNFjgNMe57t436qV4u%2BJ%2BLFEI31jydKXGQhfvKLJQLS6nYYzOxuOQah1sTMpjt9Sn4mOESNzvdMTSLC91klIzTsRc1lEryjDBoD7hJ3rB1tungMnyzcNkbhnCWA%3D%3D
[debug] [2025-09-01T16:38:38.238Z] >>> [apiv2][body] PUT https://storage.googleapis.com/uploads-112665752745.us-central1.cloudfunctions.appspot.com/0e7dce2b-46c0-4bb9-9104-c17036c9017f.zip [stream]
[debug] [2025-09-01T16:38:38.830Z] <<< [apiv2][status] PUT https://storage.googleapis.com/uploads-112665752745.us-central1.cloudfunctions.appspot.com/0e7dce2b-46c0-4bb9-9104-c17036c9017f.zip 200
[debug] [2025-09-01T16:38:38.830Z] <<< [apiv2][body] PUT https://storage.googleapis.com/uploads-112665752745.us-central1.cloudfunctions.appspot.com/0e7dce2b-46c0-4bb9-9104-c17036c9017f.zip [omitted]
[info] +  functions: functions folder uploaded successfully 
[info] i  functions: creating Node.js 20 (1st Gen) function adminSetRole(us-central1)... 
[info] i  functions: creating Node.js 20 (1st Gen) function adminDeleteUser(us-central1)... 
[debug] [2025-09-01T16:38:38.836Z] Checked if tokens are valid: true, expires at: 1756746929613
[debug] [2025-09-01T16:38:38.836Z] Checked if tokens are valid: true, expires at: 1756746929613
[debug] [2025-09-01T16:38:38.836Z] >>> [apiv2][query] POST https://cloudfunctions.googleapis.com/v1/projects/ecocollab-9b9c7/locations/us-central1/functions [none]
[debug] [2025-09-01T16:38:38.836Z] >>> [apiv2][body] POST https://cloudfunctions.googleapis.com/v1/projects/ecocollab-9b9c7/locations/us-central1/functions {"name":"projects/ecocollab-9b9c7/locations/us-central1/functions/adminSetRole","sourceUploadUrl":"https://storage.googleapis.com/uploads-112665752745.us-central1.cloudfunctions.appspot.com/0e7dce2b-46c0-4bb9-9104-c17036c9017f.zip?GoogleAccessId=service-126163217001@gcf-admin-robot.iam.gserviceaccount.com&Expires=1756746517&Signature=BoGXPR1WzJRo1DMdkACExaLEKCcgl%2FzgtSkjHrqiqcLeFMNB%2F24lMRup%2BPLSHMZ8zu425bc6UdZJsBIus0Uz3PzlSRm%2FsvbQ7Rh9n%2Bs2Gw6GIcgGzWqS6eSneNE%2F5Tyaa2tGliaN7T%2FQv%2FHyXWLv1ltS5xOvWnUFIElR4Qt8d5tSNNX36RDgzP4WoFvRCLjXE8WTfS4swkML2J5xxvOaIdKZvRpbNFjgNMe57t436qV4u%2BJ%2BLFEI31jydKXGQhfvKLJQLS6nYYzOxuOQah1sTMpjt9Sn4mOESNzvdMTSLC91klIzTsRc1lEryjDBoD7hJ3rB1tungMnyzcNkbhnCWA%3D%3D","entryPoint":"adminSetRole","runtime":"nodejs20","dockerRegistry":"ARTIFACT_REGISTRY","labels":{"deployment-tool":"cli-firebase","deployment-callable":"true","firebase-functions-hash":"dbf0e4b259520405629ca65e7bf14141bdedcad4"},"httpsTrigger":{"securityLevel":"SECURE_ALWAYS"},"minInstances":null,"maxInstances":null,"ingressSettings":null,"environmentVariables":{"FIREBASE_CONFIG":"{\"projectId\":\"ecocollab-9b9c7\",\"storageBucket\":\"ecocollab-9b9c7.firebasestorage.app\"}","GCLOUD_PROJECT":"ecocollab-9b9c7","EVENTARC_CLOUD_EVENT_SOURCE":"projects/ecocollab-9b9c7/locations/us-central1/functions/adminSetRole"},"serviceAccountEmail":null,"availableMemoryMb":null,"timeout":null,"vpcConnector":null,"vpcConnectorEgressSettings":null,"buildEnvironmentVariables":{"GOOGLE_NODE_RUN_SCRIPTS":""}}
[debug] [2025-09-01T16:38:40.749Z] <<< [apiv2][status] POST https://cloudfunctions.googleapis.com/v1/projects/ecocollab-9b9c7/locations/us-central1/functions 200
[debug] [2025-09-01T16:38:40.749Z] <<< [apiv2][body] POST https://cloudfunctions.googleapis.com/v1/projects/ecocollab-9b9c7/locations/us-central1/functions {"name":"operations/cHJvamVjdHMvZWNvY29sbGFiLTliOWM3L2xvY2F0aW9ucy91cy1jZW50cmFsMS9vcGVyYXRpb25zL29wZXJhdGlvbi0xNzU2NzQ0NzE4MTY2LTYzZGMwMDBlMzI4MDYtZjVmN2FhOTItNDdkOWUxNGU","metadata":{"@type":"type.googleapis.com/google.cloud.functions.v1.OperationMetadataV1","target":"projects/ecocollab-9b9c7/locations/us-central1/functions/adminSetRole","updateTime":"2025-09-01T16:38:39.805048405Z"}}
[debug] [2025-09-01T16:38:40.750Z] Checked if tokens are valid: true, expires at: 1756746929613
[debug] [2025-09-01T16:38:40.750Z] Checked if tokens are valid: true, expires at: 1756746929613
[debug] [2025-09-01T16:38:40.750Z] >>> [apiv2][query] GET https://cloudfunctions.googleapis.com/v1/operations/cHJvamVjdHMvZWNvY29sbGFiLTliOWM3L2xvY2F0aW9ucy91cy1jZW50cmFsMS9vcGVyYXRpb25zL29wZXJhdGlvbi0xNzU2NzQ0NzE4MTY2LTYzZGMwMDBlMzI4MDYtZjVmN2FhOTItNDdkOWUxNGU [none]
[debug] [2025-09-01T16:38:40.980Z] <<< [apiv2][status] GET https://cloudfunctions.googleapis.com/v1/operations/cHJvamVjdHMvZWNvY29sbGFiLTliOWM3L2xvY2F0aW9ucy91cy1jZW50cmFsMS9vcGVyYXRpb25zL29wZXJhdGlvbi0xNzU2NzQ0NzE4MTY2LTYzZGMwMDBlMzI4MDYtZjVmN2FhOTItNDdkOWUxNGU 200
[debug] [2025-09-01T16:38:40.981Z] <<< [apiv2][body] GET https://cloudfunctions.googleapis.com/v1/operations/cHJvamVjdHMvZWNvY29sbGFiLTliOWM3L2xvY2F0aW9ucy91cy1jZW50cmFsMS9vcGVyYXRpb25zL29wZXJhdGlvbi0xNzU2NzQ0NzE4MTY2LTYzZGMwMDBlMzI4MDYtZjVmN2FhOTItNDdkOWUxNGU {"name":"operations/cHJvamVjdHMvZWNvY29sbGFiLTliOWM3L2xvY2F0aW9ucy91cy1jZW50cmFsMS9vcGVyYXRpb25zL29wZXJhdGlvbi0xNzU2NzQ0NzE4MTY2LTYzZGMwMDBlMzI4MDYtZjVmN2FhOTItNDdkOWUxNGU","metadata":{"@type":"type.googleapis.com/google.cloud.functions.v1.OperationMetadataV1","target":"projects/ecocollab-9b9c7/locations/us-central1/functions/adminSetRole","updateTime":"2025-09-01T16:38:39.805048405Z"}}
[debug] [2025-09-01T16:38:41.488Z] [create-default-us-central1-adminSetRole] Retrying task index 0
[debug] [2025-09-01T16:38:41.489Z] Checked if tokens are valid: true, expires at: 1756746929613
[debug] [2025-09-01T16:38:41.489Z] Checked if tokens are valid: true, expires at: 1756746929613
[debug] [2025-09-01T16:38:41.489Z] >>> [apiv2][query] GET https://cloudfunctions.googleapis.com/v1/operations/cHJvamVjdHMvZWNvY29sbGFiLTliOWM3L2xvY2F0aW9ucy91cy1jZW50cmFsMS9vcGVyYXRpb25zL29wZXJhdGlvbi0xNzU2NzQ0NzE4MTY2LTYzZGMwMDBlMzI4MDYtZjVmN2FhOTItNDdkOWUxNGU [none]
[debug] [2025-09-01T16:38:41.685Z] <<< [apiv2][status] GET https://cloudfunctions.googleapis.com/v1/operations/cHJvamVjdHMvZWNvY29sbGFiLTliOWM3L2xvY2F0aW9ucy91cy1jZW50cmFsMS9vcGVyYXRpb25zL29wZXJhdGlvbi0xNzU2NzQ0NzE4MTY2LTYzZGMwMDBlMzI4MDYtZjVmN2FhOTItNDdkOWUxNGU 200
[debug] [2025-09-01T16:38:41.685Z] <<< [apiv2][body] GET https://cloudfunctions.googleapis.com/v1/operations/cHJvamVjdHMvZWNvY29sbGFiLTliOWM3L2xvY2F0aW9ucy91cy1jZW50cmFsMS9vcGVyYXRpb25zL29wZXJhdGlvbi0xNzU2NzQ0NzE4MTY2LTYzZGMwMDBlMzI4MDYtZjVmN2FhOTItNDdkOWUxNGU {"name":"operations/cHJvamVjdHMvZWNvY29sbGFiLTliOWM3L2xvY2F0aW9ucy91cy1jZW50cmFsMS9vcGVyYXRpb25zL29wZXJhdGlvbi0xNzU2NzQ0NzE4MTY2LTYzZGMwMDBlMzI4MDYtZjVmN2FhOTItNDdkOWUxNGU","metadata":{"@type":"type.googleapis.com/google.cloud.functions.v1.OperationMetadataV1","target":"projects/ecocollab-9b9c7/locations/us-central1/functions/adminSetRole","type":"CREATE_FUNCTION","request":{"@type":"type.googleapis.com/google.cloud.functions.v1.CloudFunction","name":"projects/ecocollab-9b9c7/locations/us-central1/functions/adminSetRole","httpsTrigger":{"securityLevel":"SECURE_ALWAYS"},"entryPoint":"adminSetRole","updateTime":"1970-01-01T00:00:00Z","labels":{"deployment-tool":"cli-firebase","deployment-callable":"true","firebase-functions-hash":"dbf0e4b259520405629ca65e7bf14141bdedcad4"},"sourceUploadUrl":"https://storage.googleapis.com/uploads-112665752745.us-central1.cloudfunctions.appspot.com/0e7dce2b-46c0-4bb9-9104-c17036c9017f.zip?GoogleAccessId=service-126163217001@gcf-admin-robot.iam.gserviceaccount.com&Expires=1756746517&Signature=BoGXPR1WzJRo1DMdkACExaLEKCcgl%2FzgtSkjHrqiqcLeFMNB%2F24lMRup%2BPLSHMZ8zu425bc6UdZJsBIus0Uz3PzlSRm%2FsvbQ7Rh9n%2Bs2Gw6GIcgGzWqS6eSneNE%2F5Tyaa2tGliaN7T%2FQv%2FHyXWLv1ltS5xOvWnUFIElR4Qt8d5tSNNX36RDgzP4WoFvRCLjXE8WTfS4swkML2J5xxvOaIdKZvRpbNFjgNMe57t436qV4u%2BJ%2BLFEI31jydKXGQhfvKLJQLS6nYYzOxuOQah1sTMpjt9Sn4mOESNzvdMTSLC91klIzTsRc1lEryjDBoD7hJ3rB1tungMnyzcNkbhnCWA%3D%3D","environmentVariables":{"FIREBASE_CONFIG":"{\"projectId\":\"ecocollab-9b9c7\",\"storageBucket\":\"ecocollab-9b9c7.firebasestorage.app\"}","GCLOUD_PROJECT":"ecocollab-9b9c7","EVENTARC_CLOUD_EVENT_SOURCE":"projects/ecocollab-9b9c7/locations/us-central1/functions/adminSetRole"},"runtime":"nodejs20","buildEnvironmentVariables":{"GOOGLE_NODE_RUN_SCRIPTS":""},"dockerRegistry":"ARTIFACT_REGISTRY"},"versionId":"1","updateTime":"2025-09-01T16:38:39.805048405Z"}}
[debug] [2025-09-01T16:38:42.694Z] [create-default-us-central1-adminSetRole] Retrying task index 0
[debug] [2025-09-01T16:38:42.694Z] Checked if tokens are valid: true, expires at: 1756746929613
[debug] [2025-09-01T16:38:42.694Z] Checked if tokens are valid: true, expires at: 1756746929613
[debug] [2025-09-01T16:38:42.694Z] >>> [apiv2][query] GET https://cloudfunctions.googleapis.com/v1/operations/cHJvamVjdHMvZWNvY29sbGFiLTliOWM3L2xvY2F0aW9ucy91cy1jZW50cmFsMS9vcGVyYXRpb25zL29wZXJhdGlvbi0xNzU2NzQ0NzE4MTY2LTYzZGMwMDBlMzI4MDYtZjVmN2FhOTItNDdkOWUxNGU [none]
[debug] [2025-09-01T16:38:42.917Z] <<< [apiv2][status] GET https://cloudfunctions.googleapis.com/v1/operations/cHJvamVjdHMvZWNvY29sbGFiLTliOWM3L2xvY2F0aW9ucy91cy1jZW50cmFsMS9vcGVyYXRpb25zL29wZXJhdGlvbi0xNzU2NzQ0NzE4MTY2LTYzZGMwMDBlMzI4MDYtZjVmN2FhOTItNDdkOWUxNGU 200
[debug] [2025-09-01T16:38:42.917Z] <<< [apiv2][body] GET https://cloudfunctions.googleapis.com/v1/operations/cHJvamVjdHMvZWNvY29sbGFiLTliOWM3L2xvY2F0aW9ucy91cy1jZW50cmFsMS9vcGVyYXRpb25zL29wZXJhdGlvbi0xNzU2NzQ0NzE4MTY2LTYzZGMwMDBlMzI4MDYtZjVmN2FhOTItNDdkOWUxNGU {"name":"operations/cHJvamVjdHMvZWNvY29sbGFiLTliOWM3L2xvY2F0aW9ucy91cy1jZW50cmFsMS9vcGVyYXRpb25zL29wZXJhdGlvbi0xNzU2NzQ0NzE4MTY2LTYzZGMwMDBlMzI4MDYtZjVmN2FhOTItNDdkOWUxNGU","metadata":{"@type":"type.googleapis.com/google.cloud.functions.v1.OperationMetadataV1","target":"projects/ecocollab-9b9c7/locations/us-central1/functions/adminSetRole","type":"CREATE_FUNCTION","request":{"@type":"type.googleapis.com/google.cloud.functions.v1.CloudFunction","name":"projects/ecocollab-9b9c7/locations/us-central1/functions/adminSetRole","httpsTrigger":{"securityLevel":"SECURE_ALWAYS"},"entryPoint":"adminSetRole","updateTime":"1970-01-01T00:00:00Z","labels":{"deployment-tool":"cli-firebase","deployment-callable":"true","firebase-functions-hash":"dbf0e4b259520405629ca65e7bf14141bdedcad4"},"sourceUploadUrl":"https://storage.googleapis.com/uploads-112665752745.us-central1.cloudfunctions.appspot.com/0e7dce2b-46c0-4bb9-9104-c17036c9017f.zip?GoogleAccessId=service-126163217001@gcf-admin-robot.iam.gserviceaccount.com&Expires=1756746517&Signature=BoGXPR1WzJRo1DMdkACExaLEKCcgl%2FzgtSkjHrqiqcLeFMNB%2F24lMRup%2BPLSHMZ8zu425bc6UdZJsBIus0Uz3PzlSRm%2FsvbQ7Rh9n%2Bs2Gw6GIcgGzWqS6eSneNE%2F5Tyaa2tGliaN7T%2FQv%2FHyXWLv1ltS5xOvWnUFIElR4Qt8d5tSNNX36RDgzP4WoFvRCLjXE8WTfS4swkML2J5xxvOaIdKZvRpbNFjgNMe57t436qV4u%2BJ%2BLFEI31jydKXGQhfvKLJQLS6nYYzOxuOQah1sTMpjt9Sn4mOESNzvdMTSLC91klIzTsRc1lEryjDBoD7hJ3rB1tungMnyzcNkbhnCWA%3D%3D","environmentVariables":{"FIREBASE_CONFIG":"{\"projectId\":\"ecocollab-9b9c7\",\"storageBucket\":\"ecocollab-9b9c7.firebasestorage.app\"}","GCLOUD_PROJECT":"ecocollab-9b9c7","EVENTARC_CLOUD_EVENT_SOURCE":"projects/ecocollab-9b9c7/locations/us-central1/functions/adminSetRole"},"runtime":"nodejs20","buildEnvironmentVariables":{"GOOGLE_NODE_RUN_SCRIPTS":""},"dockerRegistry":"ARTIFACT_REGISTRY"},"versionId":"1","updateTime":"2025-09-01T16:38:39.805048405Z"}}
[debug] [2025-09-01T16:38:44.923Z] [create-default-us-central1-adminSetRole] Retrying task index 0
[debug] [2025-09-01T16:38:44.923Z] Checked if tokens are valid: true, expires at: 1756746929613
[debug] [2025-09-01T16:38:44.923Z] Checked if tokens are valid: true, expires at: 1756746929613
[debug] [2025-09-01T16:38:44.923Z] >>> [apiv2][query] GET https://cloudfunctions.googleapis.com/v1/operations/cHJvamVjdHMvZWNvY29sbGFiLTliOWM3L2xvY2F0aW9ucy91cy1jZW50cmFsMS9vcGVyYXRpb25zL29wZXJhdGlvbi0xNzU2NzQ0NzE4MTY2LTYzZGMwMDBlMzI4MDYtZjVmN2FhOTItNDdkOWUxNGU [none]
[debug] [2025-09-01T16:38:45.158Z] <<< [apiv2][status] GET https://cloudfunctions.googleapis.com/v1/operations/cHJvamVjdHMvZWNvY29sbGFiLTliOWM3L2xvY2F0aW9ucy91cy1jZW50cmFsMS9vcGVyYXRpb25zL29wZXJhdGlvbi0xNzU2NzQ0NzE4MTY2LTYzZGMwMDBlMzI4MDYtZjVmN2FhOTItNDdkOWUxNGU 200
[debug] [2025-09-01T16:38:45.158Z] <<< [apiv2][body] GET https://cloudfunctions.googleapis.com/v1/operations/cHJvamVjdHMvZWNvY29sbGFiLTliOWM3L2xvY2F0aW9ucy91cy1jZW50cmFsMS9vcGVyYXRpb25zL29wZXJhdGlvbi0xNzU2NzQ0NzE4MTY2LTYzZGMwMDBlMzI4MDYtZjVmN2FhOTItNDdkOWUxNGU {"name":"operations/cHJvamVjdHMvZWNvY29sbGFiLTliOWM3L2xvY2F0aW9ucy91cy1jZW50cmFsMS9vcGVyYXRpb25zL29wZXJhdGlvbi0xNzU2NzQ0NzE4MTY2LTYzZGMwMDBlMzI4MDYtZjVmN2FhOTItNDdkOWUxNGU","metadata":{"@type":"type.googleapis.com/google.cloud.functions.v1.OperationMetadataV1","target":"projects/ecocollab-9b9c7/locations/us-central1/functions/adminSetRole","type":"CREATE_FUNCTION","request":{"@type":"type.googleapis.com/google.cloud.functions.v1.CloudFunction","name":"projects/ecocollab-9b9c7/locations/us-central1/functions/adminSetRole","httpsTrigger":{"securityLevel":"SECURE_ALWAYS"},"entryPoint":"adminSetRole","updateTime":"1970-01-01T00:00:00Z","labels":{"deployment-tool":"cli-firebase","deployment-callable":"true","firebase-functions-hash":"dbf0e4b259520405629ca65e7bf14141bdedcad4"},"sourceUploadUrl":"https://storage.googleapis.com/uploads-112665752745.us-central1.cloudfunctions.appspot.com/0e7dce2b-46c0-4bb9-9104-c17036c9017f.zip?GoogleAccessId=service-126163217001@gcf-admin-robot.iam.gserviceaccount.com&Expires=1756746517&Signature=BoGXPR1WzJRo1DMdkACExaLEKCcgl%2FzgtSkjHrqiqcLeFMNB%2F24lMRup%2BPLSHMZ8zu425bc6UdZJsBIus0Uz3PzlSRm%2FsvbQ7Rh9n%2Bs2Gw6GIcgGzWqS6eSneNE%2F5Tyaa2tGliaN7T%2FQv%2FHyXWLv1ltS5xOvWnUFIElR4Qt8d5tSNNX36RDgzP4WoFvRCLjXE8WTfS4swkML2J5xxvOaIdKZvRpbNFjgNMe57t436qV4u%2BJ%2BLFEI31jydKXGQhfvKLJQLS6nYYzOxuOQah1sTMpjt9Sn4mOESNzvdMTSLC91klIzTsRc1lEryjDBoD7hJ3rB1tungMnyzcNkbhnCWA%3D%3D","environmentVariables":{"FIREBASE_CONFIG":"{\"projectId\":\"ecocollab-9b9c7\",\"storageBucket\":\"ecocollab-9b9c7.firebasestorage.app\"}","GCLOUD_PROJECT":"ecocollab-9b9c7","EVENTARC_CLOUD_EVENT_SOURCE":"projects/ecocollab-9b9c7/locations/us-central1/functions/adminSetRole"},"runtime":"nodejs20","buildEnvironmentVariables":{"GOOGLE_NODE_RUN_SCRIPTS":""},"dockerRegistry":"ARTIFACT_REGISTRY"},"versionId":"1","updateTime":"2025-09-01T16:38:39.805048405Z"}}
[debug] [2025-09-01T16:38:49.160Z] [create-default-us-central1-adminSetRole] Retrying task index 0
[debug] [2025-09-01T16:38:49.161Z] Checked if tokens are valid: true, expires at: 1756746929613
[debug] [2025-09-01T16:38:49.161Z] Checked if tokens are valid: true, expires at: 1756746929613
[debug] [2025-09-01T16:38:49.161Z] >>> [apiv2][query] GET https://cloudfunctions.googleapis.com/v1/operations/cHJvamVjdHMvZWNvY29sbGFiLTliOWM3L2xvY2F0aW9ucy91cy1jZW50cmFsMS9vcGVyYXRpb25zL29wZXJhdGlvbi0xNzU2NzQ0NzE4MTY2LTYzZGMwMDBlMzI4MDYtZjVmN2FhOTItNDdkOWUxNGU [none]
[debug] [2025-09-01T16:38:49.378Z] <<< [apiv2][status] GET https://cloudfunctions.googleapis.com/v1/operations/cHJvamVjdHMvZWNvY29sbGFiLTliOWM3L2xvY2F0aW9ucy91cy1jZW50cmFsMS9vcGVyYXRpb25zL29wZXJhdGlvbi0xNzU2NzQ0NzE4MTY2LTYzZGMwMDBlMzI4MDYtZjVmN2FhOTItNDdkOWUxNGU 200
[debug] [2025-09-01T16:38:49.378Z] <<< [apiv2][body] GET https://cloudfunctions.googleapis.com/v1/operations/cHJvamVjdHMvZWNvY29sbGFiLTliOWM3L2xvY2F0aW9ucy91cy1jZW50cmFsMS9vcGVyYXRpb25zL29wZXJhdGlvbi0xNzU2NzQ0NzE4MTY2LTYzZGMwMDBlMzI4MDYtZjVmN2FhOTItNDdkOWUxNGU {"name":"operations/cHJvamVjdHMvZWNvY29sbGFiLTliOWM3L2xvY2F0aW9ucy91cy1jZW50cmFsMS9vcGVyYXRpb25zL29wZXJhdGlvbi0xNzU2NzQ0NzE4MTY2LTYzZGMwMDBlMzI4MDYtZjVmN2FhOTItNDdkOWUxNGU","metadata":{"@type":"type.googleapis.com/google.cloud.functions.v1.OperationMetadataV1","target":"projects/ecocollab-9b9c7/locations/us-central1/functions/adminSetRole","type":"CREATE_FUNCTION","request":{"@type":"type.googleapis.com/google.cloud.functions.v1.CloudFunction","name":"projects/ecocollab-9b9c7/locations/us-central1/functions/adminSetRole","httpsTrigger":{"securityLevel":"SECURE_ALWAYS"},"entryPoint":"adminSetRole","updateTime":"1970-01-01T00:00:00Z","labels":{"deployment-tool":"cli-firebase","deployment-callable":"true","firebase-functions-hash":"dbf0e4b259520405629ca65e7bf14141bdedcad4"},"sourceUploadUrl":"https://storage.googleapis.com/uploads-112665752745.us-central1.cloudfunctions.appspot.com/0e7dce2b-46c0-4bb9-9104-c17036c9017f.zip?GoogleAccessId=service-126163217001@gcf-admin-robot.iam.gserviceaccount.com&Expires=1756746517&Signature=BoGXPR1WzJRo1DMdkACExaLEKCcgl%2FzgtSkjHrqiqcLeFMNB%2F24lMRup%2BPLSHMZ8zu425bc6UdZJsBIus0Uz3PzlSRm%2FsvbQ7Rh9n%2Bs2Gw6GIcgGzWqS6eSneNE%2F5Tyaa2tGliaN7T%2FQv%2FHyXWLv1ltS5xOvWnUFIElR4Qt8d5tSNNX36RDgzP4WoFvRCLjXE8WTfS4swkML2J5xxvOaIdKZvRpbNFjgNMe57t436qV4u%2BJ%2BLFEI31jydKXGQhfvKLJQLS6nYYzOxuOQah1sTMpjt9Sn4mOESNzvdMTSLC91klIzTsRc1lEryjDBoD7hJ3rB1tungMnyzcNkbhnCWA%3D%3D","environmentVariables":{"FIREBASE_CONFIG":"{\"projectId\":\"ecocollab-9b9c7\",\"storageBucket\":\"ecocollab-9b9c7.firebasestorage.app\"}","GCLOUD_PROJECT":"ecocollab-9b9c7","EVENTARC_CLOUD_EVENT_SOURCE":"projects/ecocollab-9b9c7/locations/us-central1/functions/adminSetRole"},"runtime":"nodejs20","buildEnvironmentVariables":{"GOOGLE_NODE_RUN_SCRIPTS":""},"dockerRegistry":"ARTIFACT_REGISTRY"},"versionId":"1","updateTime":"2025-09-01T16:38:39.805048405Z"}}
[debug] [2025-09-01T16:38:57.383Z] [create-default-us-central1-adminSetRole] Retrying task index 0
[debug] [2025-09-01T16:38:57.384Z] Checked if tokens are valid: true, expires at: 1756746929613
[debug] [2025-09-01T16:38:57.384Z] Checked if tokens are valid: true, expires at: 1756746929613
[debug] [2025-09-01T16:38:57.384Z] >>> [apiv2][query] GET https://cloudfunctions.googleapis.com/v1/operations/cHJvamVjdHMvZWNvY29sbGFiLTliOWM3L2xvY2F0aW9ucy91cy1jZW50cmFsMS9vcGVyYXRpb25zL29wZXJhdGlvbi0xNzU2NzQ0NzE4MTY2LTYzZGMwMDBlMzI4MDYtZjVmN2FhOTItNDdkOWUxNGU [none]
[debug] [2025-09-01T16:38:57.654Z] <<< [apiv2][status] GET https://cloudfunctions.googleapis.com/v1/operations/cHJvamVjdHMvZWNvY29sbGFiLTliOWM3L2xvY2F0aW9ucy91cy1jZW50cmFsMS9vcGVyYXRpb25zL29wZXJhdGlvbi0xNzU2NzQ0NzE4MTY2LTYzZGMwMDBlMzI4MDYtZjVmN2FhOTItNDdkOWUxNGU 200
[debug] [2025-09-01T16:38:57.654Z] <<< [apiv2][body] GET https://cloudfunctions.googleapis.com/v1/operations/cHJvamVjdHMvZWNvY29sbGFiLTliOWM3L2xvY2F0aW9ucy91cy1jZW50cmFsMS9vcGVyYXRpb25zL29wZXJhdGlvbi0xNzU2NzQ0NzE4MTY2LTYzZGMwMDBlMzI4MDYtZjVmN2FhOTItNDdkOWUxNGU {"name":"operations/cHJvamVjdHMvZWNvY29sbGFiLTliOWM3L2xvY2F0aW9ucy91cy1jZW50cmFsMS9vcGVyYXRpb25zL29wZXJhdGlvbi0xNzU2NzQ0NzE4MTY2LTYzZGMwMDBlMzI4MDYtZjVmN2FhOTItNDdkOWUxNGU","metadata":{"@type":"type.googleapis.com/google.cloud.functions.v1.OperationMetadataV1","target":"projects/ecocollab-9b9c7/locations/us-central1/functions/adminSetRole","type":"CREATE_FUNCTION","request":{"@type":"type.googleapis.com/google.cloud.functions.v1.CloudFunction","name":"projects/ecocollab-9b9c7/locations/us-central1/functions/adminSetRole","httpsTrigger":{"securityLevel":"SECURE_ALWAYS"},"entryPoint":"adminSetRole","updateTime":"1970-01-01T00:00:00Z","labels":{"deployment-tool":"cli-firebase","deployment-callable":"true","firebase-functions-hash":"dbf0e4b259520405629ca65e7bf14141bdedcad4"},"sourceUploadUrl":"https://storage.googleapis.com/uploads-112665752745.us-central1.cloudfunctions.appspot.com/0e7dce2b-46c0-4bb9-9104-c17036c9017f.zip?GoogleAccessId=service-126163217001@gcf-admin-robot.iam.gserviceaccount.com&Expires=1756746517&Signature=BoGXPR1WzJRo1DMdkACExaLEKCcgl%2FzgtSkjHrqiqcLeFMNB%2F24lMRup%2BPLSHMZ8zu425bc6UdZJsBIus0Uz3PzlSRm%2FsvbQ7Rh9n%2Bs2Gw6GIcgGzWqS6eSneNE%2F5Tyaa2tGliaN7T%2FQv%2FHyXWLv1ltS5xOvWnUFIElR4Qt8d5tSNNX36RDgzP4WoFvRCLjXE8WTfS4swkML2J5xxvOaIdKZvRpbNFjgNMe57t436qV4u%2BJ%2BLFEI31jydKXGQhfvKLJQLS6nYYzOxuOQah1sTMpjt9Sn4mOESNzvdMTSLC91klIzTsRc1lEryjDBoD7hJ3rB1tungMnyzcNkbhnCWA%3D%3D","environmentVariables":{"FIREBASE_CONFIG":"{\"projectId\":\"ecocollab-9b9c7\",\"storageBucket\":\"ecocollab-9b9c7.firebasestorage.app\"}","GCLOUD_PROJECT":"ecocollab-9b9c7","EVENTARC_CLOUD_EVENT_SOURCE":"projects/ecocollab-9b9c7/locations/us-central1/functions/adminSetRole"},"runtime":"nodejs20","buildEnvironmentVariables":{"GOOGLE_NODE_RUN_SCRIPTS":""},"dockerRegistry":"ARTIFACT_REGISTRY"},"versionId":"1","updateTime":"2025-09-01T16:38:39.805048405Z","buildId":"bb1a9cd7-b25a-4a18-a657-bb852acd6044","buildName":"projects/126163217001/locations/us-central1/builds/bb1a9cd7-b25a-4a18-a657-bb852acd6044"}}
[debug] [2025-09-01T16:39:07.666Z] [create-default-us-central1-adminSetRole] Retrying task index 0
[debug] [2025-09-01T16:39:07.668Z] Checked if tokens are valid: true, expires at: 1756746929613
[debug] [2025-09-01T16:39:07.668Z] Checked if tokens are valid: true, expires at: 1756746929613
[debug] [2025-09-01T16:39:07.668Z] >>> [apiv2][query] GET https://cloudfunctions.googleapis.com/v1/operations/cHJvamVjdHMvZWNvY29sbGFiLTliOWM3L2xvY2F0aW9ucy91cy1jZW50cmFsMS9vcGVyYXRpb25zL29wZXJhdGlvbi0xNzU2NzQ0NzE4MTY2LTYzZGMwMDBlMzI4MDYtZjVmN2FhOTItNDdkOWUxNGU [none]
[debug] [2025-09-01T16:39:07.928Z] <<< [apiv2][status] GET https://cloudfunctions.googleapis.com/v1/operations/cHJvamVjdHMvZWNvY29sbGFiLTliOWM3L2xvY2F0aW9ucy91cy1jZW50cmFsMS9vcGVyYXRpb25zL29wZXJhdGlvbi0xNzU2NzQ0NzE4MTY2LTYzZGMwMDBlMzI4MDYtZjVmN2FhOTItNDdkOWUxNGU 200
[debug] [2025-09-01T16:39:07.928Z] <<< [apiv2][body] GET https://cloudfunctions.googleapis.com/v1/operations/cHJvamVjdHMvZWNvY29sbGFiLTliOWM3L2xvY2F0aW9ucy91cy1jZW50cmFsMS9vcGVyYXRpb25zL29wZXJhdGlvbi0xNzU2NzQ0NzE4MTY2LTYzZGMwMDBlMzI4MDYtZjVmN2FhOTItNDdkOWUxNGU {"name":"operations/cHJvamVjdHMvZWNvY29sbGFiLTliOWM3L2xvY2F0aW9ucy91cy1jZW50cmFsMS9vcGVyYXRpb25zL29wZXJhdGlvbi0xNzU2NzQ0NzE4MTY2LTYzZGMwMDBlMzI4MDYtZjVmN2FhOTItNDdkOWUxNGU","metadata":{"@type":"type.googleapis.com/google.cloud.functions.v1.OperationMetadataV1","target":"projects/ecocollab-9b9c7/locations/us-central1/functions/adminSetRole","type":"CREATE_FUNCTION","request":{"@type":"type.googleapis.com/google.cloud.functions.v1.CloudFunction","name":"projects/ecocollab-9b9c7/locations/us-central1/functions/adminSetRole","httpsTrigger":{"securityLevel":"SECURE_ALWAYS"},"entryPoint":"adminSetRole","updateTime":"1970-01-01T00:00:00Z","labels":{"deployment-tool":"cli-firebase","deployment-callable":"true","firebase-functions-hash":"dbf0e4b259520405629ca65e7bf14141bdedcad4"},"sourceUploadUrl":"https://storage.googleapis.com/uploads-112665752745.us-central1.cloudfunctions.appspot.com/0e7dce2b-46c0-4bb9-9104-c17036c9017f.zip?GoogleAccessId=service-126163217001@gcf-admin-robot.iam.gserviceaccount.com&Expires=1756746517&Signature=BoGXPR1WzJRo1DMdkACExaLEKCcgl%2FzgtSkjHrqiqcLeFMNB%2F24lMRup%2BPLSHMZ8zu425bc6UdZJsBIus0Uz3PzlSRm%2FsvbQ7Rh9n%2Bs2Gw6GIcgGzWqS6eSneNE%2F5Tyaa2tGliaN7T%2FQv%2FHyXWLv1ltS5xOvWnUFIElR4Qt8d5tSNNX36RDgzP4WoFvRCLjXE8WTfS4swkML2J5xxvOaIdKZvRpbNFjgNMe57t436qV4u%2BJ%2BLFEI31jydKXGQhfvKLJQLS6nYYzOxuOQah1sTMpjt9Sn4mOESNzvdMTSLC91klIzTsRc1lEryjDBoD7hJ3rB1tungMnyzcNkbhnCWA%3D%3D","environmentVariables":{"FIREBASE_CONFIG":"{\"projectId\":\"ecocollab-9b9c7\",\"storageBucket\":\"ecocollab-9b9c7.firebasestorage.app\"}","GCLOUD_PROJECT":"ecocollab-9b9c7","EVENTARC_CLOUD_EVENT_SOURCE":"projects/ecocollab-9b9c7/locations/us-central1/functions/adminSetRole"},"runtime":"nodejs20","buildEnvironmentVariables":{"GOOGLE_NODE_RUN_SCRIPTS":""},"dockerRegistry":"ARTIFACT_REGISTRY"},"versionId":"1","updateTime":"2025-09-01T16:38:39.805048405Z","buildId":"bb1a9cd7-b25a-4a18-a657-bb852acd6044","buildName":"projects/126163217001/locations/us-central1/builds/bb1a9cd7-b25a-4a18-a657-bb852acd6044"}}
[debug] [2025-09-01T16:39:17.944Z] [create-default-us-central1-adminSetRole] Retrying task index 0
[debug] [2025-09-01T16:39:17.944Z] Checked if tokens are valid: true, expires at: 1756746929613
[debug] [2025-09-01T16:39:17.944Z] Checked if tokens are valid: true, expires at: 1756746929613
[debug] [2025-09-01T16:39:17.944Z] >>> [apiv2][query] GET https://cloudfunctions.googleapis.com/v1/operations/cHJvamVjdHMvZWNvY29sbGFiLTliOWM3L2xvY2F0aW9ucy91cy1jZW50cmFsMS9vcGVyYXRpb25zL29wZXJhdGlvbi0xNzU2NzQ0NzE4MTY2LTYzZGMwMDBlMzI4MDYtZjVmN2FhOTItNDdkOWUxNGU [none]
[debug] [2025-09-01T16:39:18.201Z] <<< [apiv2][status] GET https://cloudfunctions.googleapis.com/v1/operations/cHJvamVjdHMvZWNvY29sbGFiLTliOWM3L2xvY2F0aW9ucy91cy1jZW50cmFsMS9vcGVyYXRpb25zL29wZXJhdGlvbi0xNzU2NzQ0NzE4MTY2LTYzZGMwMDBlMzI4MDYtZjVmN2FhOTItNDdkOWUxNGU 200
[debug] [2025-09-01T16:39:18.201Z] <<< [apiv2][body] GET https://cloudfunctions.googleapis.com/v1/operations/cHJvamVjdHMvZWNvY29sbGFiLTliOWM3L2xvY2F0aW9ucy91cy1jZW50cmFsMS9vcGVyYXRpb25zL29wZXJhdGlvbi0xNzU2NzQ0NzE4MTY2LTYzZGMwMDBlMzI4MDYtZjVmN2FhOTItNDdkOWUxNGU {"name":"operations/cHJvamVjdHMvZWNvY29sbGFiLTliOWM3L2xvY2F0aW9ucy91cy1jZW50cmFsMS9vcGVyYXRpb25zL29wZXJhdGlvbi0xNzU2NzQ0NzE4MTY2LTYzZGMwMDBlMzI4MDYtZjVmN2FhOTItNDdkOWUxNGU","metadata":{"@type":"type.googleapis.com/google.cloud.functions.v1.OperationMetadataV1","target":"projects/ecocollab-9b9c7/locations/us-central1/functions/adminSetRole","type":"CREATE_FUNCTION","request":{"@type":"type.googleapis.com/google.cloud.functions.v1.CloudFunction","name":"projects/ecocollab-9b9c7/locations/us-central1/functions/adminSetRole","httpsTrigger":{"securityLevel":"SECURE_ALWAYS"},"entryPoint":"adminSetRole","updateTime":"1970-01-01T00:00:00Z","labels":{"deployment-tool":"cli-firebase","deployment-callable":"true","firebase-functions-hash":"dbf0e4b259520405629ca65e7bf14141bdedcad4"},"sourceUploadUrl":"https://storage.googleapis.com/uploads-112665752745.us-central1.cloudfunctions.appspot.com/0e7dce2b-46c0-4bb9-9104-c17036c9017f.zip?GoogleAccessId=service-126163217001@gcf-admin-robot.iam.gserviceaccount.com&Expires=1756746517&Signature=BoGXPR1WzJRo1DMdkACExaLEKCcgl%2FzgtSkjHrqiqcLeFMNB%2F24lMRup%2BPLSHMZ8zu425bc6UdZJsBIus0Uz3PzlSRm%2FsvbQ7Rh9n%2Bs2Gw6GIcgGzWqS6eSneNE%2F5Tyaa2tGliaN7T%2FQv%2FHyXWLv1ltS5xOvWnUFIElR4Qt8d5tSNNX36RDgzP4WoFvRCLjXE8WTfS4swkML2J5xxvOaIdKZvRpbNFjgNMe57t436qV4u%2BJ%2BLFEI31jydKXGQhfvKLJQLS6nYYzOxuOQah1sTMpjt9Sn4mOESNzvdMTSLC91klIzTsRc1lEryjDBoD7hJ3rB1tungMnyzcNkbhnCWA%3D%3D","environmentVariables":{"FIREBASE_CONFIG":"{\"projectId\":\"ecocollab-9b9c7\",\"storageBucket\":\"ecocollab-9b9c7.firebasestorage.app\"}","GCLOUD_PROJECT":"ecocollab-9b9c7","EVENTARC_CLOUD_EVENT_SOURCE":"projects/ecocollab-9b9c7/locations/us-central1/functions/adminSetRole"},"runtime":"nodejs20","buildEnvironmentVariables":{"GOOGLE_NODE_RUN_SCRIPTS":""},"dockerRegistry":"ARTIFACT_REGISTRY"},"versionId":"1","updateTime":"2025-09-01T16:38:39.805048405Z","buildId":"bb1a9cd7-b25a-4a18-a657-bb852acd6044","buildName":"projects/126163217001/locations/us-central1/builds/bb1a9cd7-b25a-4a18-a657-bb852acd6044"}}
[debug] [2025-09-01T16:39:28.208Z] [create-default-us-central1-adminSetRole] Retrying task index 0
[debug] [2025-09-01T16:39:28.208Z] Checked if tokens are valid: true, expires at: 1756746929613
[debug] [2025-09-01T16:39:28.208Z] Checked if tokens are valid: true, expires at: 1756746929613
[debug] [2025-09-01T16:39:28.208Z] >>> [apiv2][query] GET https://cloudfunctions.googleapis.com/v1/operations/cHJvamVjdHMvZWNvY29sbGFiLTliOWM3L2xvY2F0aW9ucy91cy1jZW50cmFsMS9vcGVyYXRpb25zL29wZXJhdGlvbi0xNzU2NzQ0NzE4MTY2LTYzZGMwMDBlMzI4MDYtZjVmN2FhOTItNDdkOWUxNGU [none]
[debug] [2025-09-01T16:39:28.483Z] <<< [apiv2][status] GET https://cloudfunctions.googleapis.com/v1/operations/cHJvamVjdHMvZWNvY29sbGFiLTliOWM3L2xvY2F0aW9ucy91cy1jZW50cmFsMS9vcGVyYXRpb25zL29wZXJhdGlvbi0xNzU2NzQ0NzE4MTY2LTYzZGMwMDBlMzI4MDYtZjVmN2FhOTItNDdkOWUxNGU 200
[debug] [2025-09-01T16:39:28.484Z] <<< [apiv2][body] GET https://cloudfunctions.googleapis.com/v1/operations/cHJvamVjdHMvZWNvY29sbGFiLTliOWM3L2xvY2F0aW9ucy91cy1jZW50cmFsMS9vcGVyYXRpb25zL29wZXJhdGlvbi0xNzU2NzQ0NzE4MTY2LTYzZGMwMDBlMzI4MDYtZjVmN2FhOTItNDdkOWUxNGU {"name":"operations/cHJvamVjdHMvZWNvY29sbGFiLTliOWM3L2xvY2F0aW9ucy91cy1jZW50cmFsMS9vcGVyYXRpb25zL29wZXJhdGlvbi0xNzU2NzQ0NzE4MTY2LTYzZGMwMDBlMzI4MDYtZjVmN2FhOTItNDdkOWUxNGU","metadata":{"@type":"type.googleapis.com/google.cloud.functions.v1.OperationMetadataV1","target":"projects/ecocollab-9b9c7/locations/us-central1/functions/adminSetRole","type":"CREATE_FUNCTION","request":{"@type":"type.googleapis.com/google.cloud.functions.v1.CloudFunction","name":"projects/ecocollab-9b9c7/locations/us-central1/functions/adminSetRole","httpsTrigger":{"securityLevel":"SECURE_ALWAYS"},"entryPoint":"adminSetRole","updateTime":"1970-01-01T00:00:00Z","labels":{"deployment-tool":"cli-firebase","deployment-callable":"true","firebase-functions-hash":"dbf0e4b259520405629ca65e7bf14141bdedcad4"},"sourceUploadUrl":"https://storage.googleapis.com/uploads-112665752745.us-central1.cloudfunctions.appspot.com/0e7dce2b-46c0-4bb9-9104-c17036c9017f.zip?GoogleAccessId=service-126163217001@gcf-admin-robot.iam.gserviceaccount.com&Expires=1756746517&Signature=BoGXPR1WzJRo1DMdkACExaLEKCcgl%2FzgtSkjHrqiqcLeFMNB%2F24lMRup%2BPLSHMZ8zu425bc6UdZJsBIus0Uz3PzlSRm%2FsvbQ7Rh9n%2Bs2Gw6GIcgGzWqS6eSneNE%2F5Tyaa2tGliaN7T%2FQv%2FHyXWLv1ltS5xOvWnUFIElR4Qt8d5tSNNX36RDgzP4WoFvRCLjXE8WTfS4swkML2J5xxvOaIdKZvRpbNFjgNMe57t436qV4u%2BJ%2BLFEI31jydKXGQhfvKLJQLS6nYYzOxuOQah1sTMpjt9Sn4mOESNzvdMTSLC91klIzTsRc1lEryjDBoD7hJ3rB1tungMnyzcNkbhnCWA%3D%3D","environmentVariables":{"FIREBASE_CONFIG":"{\"projectId\":\"ecocollab-9b9c7\",\"storageBucket\":\"ecocollab-9b9c7.firebasestorage.app\"}","GCLOUD_PROJECT":"ecocollab-9b9c7","EVENTARC_CLOUD_EVENT_SOURCE":"projects/ecocollab-9b9c7/locations/us-central1/functions/adminSetRole"},"runtime":"nodejs20","buildEnvironmentVariables":{"GOOGLE_NODE_RUN_SCRIPTS":""},"dockerRegistry":"ARTIFACT_REGISTRY"},"versionId":"1","updateTime":"2025-09-01T16:38:39.805048405Z","buildId":"bb1a9cd7-b25a-4a18-a657-bb852acd6044","buildName":"projects/126163217001/locations/us-central1/builds/bb1a9cd7-b25a-4a18-a657-bb852acd6044"}}
[debug] [2025-09-01T16:39:38.494Z] [create-default-us-central1-adminSetRole] Retrying task index 0
[debug] [2025-09-01T16:39:38.495Z] Checked if tokens are valid: true, expires at: 1756746929613
[debug] [2025-09-01T16:39:38.495Z] Checked if tokens are valid: true, expires at: 1756746929613
[debug] [2025-09-01T16:39:38.495Z] >>> [apiv2][query] GET https://cloudfunctions.googleapis.com/v1/operations/cHJvamVjdHMvZWNvY29sbGFiLTliOWM3L2xvY2F0aW9ucy91cy1jZW50cmFsMS9vcGVyYXRpb25zL29wZXJhdGlvbi0xNzU2NzQ0NzE4MTY2LTYzZGMwMDBlMzI4MDYtZjVmN2FhOTItNDdkOWUxNGU [none]
[debug] [2025-09-01T16:39:38.758Z] <<< [apiv2][status] GET https://cloudfunctions.googleapis.com/v1/operations/cHJvamVjdHMvZWNvY29sbGFiLTliOWM3L2xvY2F0aW9ucy91cy1jZW50cmFsMS9vcGVyYXRpb25zL29wZXJhdGlvbi0xNzU2NzQ0NzE4MTY2LTYzZGMwMDBlMzI4MDYtZjVmN2FhOTItNDdkOWUxNGU 200
[debug] [2025-09-01T16:39:38.759Z] <<< [apiv2][body] GET https://cloudfunctions.googleapis.com/v1/operations/cHJvamVjdHMvZWNvY29sbGFiLTliOWM3L2xvY2F0aW9ucy91cy1jZW50cmFsMS9vcGVyYXRpb25zL29wZXJhdGlvbi0xNzU2NzQ0NzE4MTY2LTYzZGMwMDBlMzI4MDYtZjVmN2FhOTItNDdkOWUxNGU {"name":"operations/cHJvamVjdHMvZWNvY29sbGFiLTliOWM3L2xvY2F0aW9ucy91cy1jZW50cmFsMS9vcGVyYXRpb25zL29wZXJhdGlvbi0xNzU2NzQ0NzE4MTY2LTYzZGMwMDBlMzI4MDYtZjVmN2FhOTItNDdkOWUxNGU","metadata":{"@type":"type.googleapis.com/google.cloud.functions.v1.OperationMetadataV1","target":"projects/ecocollab-9b9c7/locations/us-central1/functions/adminSetRole","type":"CREATE_FUNCTION","request":{"@type":"type.googleapis.com/google.cloud.functions.v1.CloudFunction","name":"projects/ecocollab-9b9c7/locations/us-central1/functions/adminSetRole","httpsTrigger":{"securityLevel":"SECURE_ALWAYS"},"entryPoint":"adminSetRole","updateTime":"1970-01-01T00:00:00Z","labels":{"deployment-tool":"cli-firebase","deployment-callable":"true","firebase-functions-hash":"dbf0e4b259520405629ca65e7bf14141bdedcad4"},"sourceUploadUrl":"https://storage.googleapis.com/uploads-112665752745.us-central1.cloudfunctions.appspot.com/0e7dce2b-46c0-4bb9-9104-c17036c9017f.zip?GoogleAccessId=service-126163217001@gcf-admin-robot.iam.gserviceaccount.com&Expires=1756746517&Signature=BoGXPR1WzJRo1DMdkACExaLEKCcgl%2FzgtSkjHrqiqcLeFMNB%2F24lMRup%2BPLSHMZ8zu425bc6UdZJsBIus0Uz3PzlSRm%2FsvbQ7Rh9n%2Bs2Gw6GIcgGzWqS6eSneNE%2F5Tyaa2tGliaN7T%2FQv%2FHyXWLv1ltS5xOvWnUFIElR4Qt8d5tSNNX36RDgzP4WoFvRCLjXE8WTfS4swkML2J5xxvOaIdKZvRpbNFjgNMe57t436qV4u%2BJ%2BLFEI31jydKXGQhfvKLJQLS6nYYzOxuOQah1sTMpjt9Sn4mOESNzvdMTSLC91klIzTsRc1lEryjDBoD7hJ3rB1tungMnyzcNkbhnCWA%3D%3D","environmentVariables":{"FIREBASE_CONFIG":"{\"projectId\":\"ecocollab-9b9c7\",\"storageBucket\":\"ecocollab-9b9c7.firebasestorage.app\"}","GCLOUD_PROJECT":"ecocollab-9b9c7","EVENTARC_CLOUD_EVENT_SOURCE":"projects/ecocollab-9b9c7/locations/us-central1/functions/adminSetRole"},"runtime":"nodejs20","buildEnvironmentVariables":{"GOOGLE_NODE_RUN_SCRIPTS":""},"dockerRegistry":"ARTIFACT_REGISTRY"},"versionId":"1","updateTime":"2025-09-01T16:38:39.805048405Z","buildId":"bb1a9cd7-b25a-4a18-a657-bb852acd6044","buildName":"projects/126163217001/locations/us-central1/builds/bb1a9cd7-b25a-4a18-a657-bb852acd6044"}}
[debug] [2025-09-01T16:39:48.762Z] [create-default-us-central1-adminSetRole] Retrying task index 0
[debug] [2025-09-01T16:39:48.762Z] Checked if tokens are valid: true, expires at: 1756746929613
[debug] [2025-09-01T16:39:48.762Z] Checked if tokens are valid: true, expires at: 1756746929613
[debug] [2025-09-01T16:39:48.762Z] >>> [apiv2][query] GET https://cloudfunctions.googleapis.com/v1/operations/cHJvamVjdHMvZWNvY29sbGFiLTliOWM3L2xvY2F0aW9ucy91cy1jZW50cmFsMS9vcGVyYXRpb25zL29wZXJhdGlvbi0xNzU2NzQ0NzE4MTY2LTYzZGMwMDBlMzI4MDYtZjVmN2FhOTItNDdkOWUxNGU [none]
[debug] [2025-09-01T16:39:49.073Z] <<< [apiv2][status] GET https://cloudfunctions.googleapis.com/v1/operations/cHJvamVjdHMvZWNvY29sbGFiLTliOWM3L2xvY2F0aW9ucy91cy1jZW50cmFsMS9vcGVyYXRpb25zL29wZXJhdGlvbi0xNzU2NzQ0NzE4MTY2LTYzZGMwMDBlMzI4MDYtZjVmN2FhOTItNDdkOWUxNGU 200
[debug] [2025-09-01T16:39:49.073Z] <<< [apiv2][body] GET https://cloudfunctions.googleapis.com/v1/operations/cHJvamVjdHMvZWNvY29sbGFiLTliOWM3L2xvY2F0aW9ucy91cy1jZW50cmFsMS9vcGVyYXRpb25zL29wZXJhdGlvbi0xNzU2NzQ0NzE4MTY2LTYzZGMwMDBlMzI4MDYtZjVmN2FhOTItNDdkOWUxNGU {"name":"operations/cHJvamVjdHMvZWNvY29sbGFiLTliOWM3L2xvY2F0aW9ucy91cy1jZW50cmFsMS9vcGVyYXRpb25zL29wZXJhdGlvbi0xNzU2NzQ0NzE4MTY2LTYzZGMwMDBlMzI4MDYtZjVmN2FhOTItNDdkOWUxNGU","metadata":{"@type":"type.googleapis.com/google.cloud.functions.v1.OperationMetadataV1","target":"projects/ecocollab-9b9c7/locations/us-central1/functions/adminSetRole","type":"CREATE_FUNCTION","request":{"@type":"type.googleapis.com/google.cloud.functions.v1.CloudFunction","name":"projects/ecocollab-9b9c7/locations/us-central1/functions/adminSetRole","httpsTrigger":{"securityLevel":"SECURE_ALWAYS"},"entryPoint":"adminSetRole","updateTime":"1970-01-01T00:00:00Z","labels":{"deployment-tool":"cli-firebase","deployment-callable":"true","firebase-functions-hash":"dbf0e4b259520405629ca65e7bf14141bdedcad4"},"sourceUploadUrl":"https://storage.googleapis.com/uploads-112665752745.us-central1.cloudfunctions.appspot.com/0e7dce2b-46c0-4bb9-9104-c17036c9017f.zip?GoogleAccessId=service-126163217001@gcf-admin-robot.iam.gserviceaccount.com&Expires=1756746517&Signature=BoGXPR1WzJRo1DMdkACExaLEKCcgl%2FzgtSkjHrqiqcLeFMNB%2F24lMRup%2BPLSHMZ8zu425bc6UdZJsBIus0Uz3PzlSRm%2FsvbQ7Rh9n%2Bs2Gw6GIcgGzWqS6eSneNE%2F5Tyaa2tGliaN7T%2FQv%2FHyXWLv1ltS5xOvWnUFIElR4Qt8d5tSNNX36RDgzP4WoFvRCLjXE8WTfS4swkML2J5xxvOaIdKZvRpbNFjgNMe57t436qV4u%2BJ%2BLFEI31jydKXGQhfvKLJQLS6nYYzOxuOQah1sTMpjt9Sn4mOESNzvdMTSLC91klIzTsRc1lEryjDBoD7hJ3rB1tungMnyzcNkbhnCWA%3D%3D","environmentVariables":{"FIREBASE_CONFIG":"{\"projectId\":\"ecocollab-9b9c7\",\"storageBucket\":\"ecocollab-9b9c7.firebasestorage.app\"}","GCLOUD_PROJECT":"ecocollab-9b9c7","EVENTARC_CLOUD_EVENT_SOURCE":"projects/ecocollab-9b9c7/locations/us-central1/functions/adminSetRole"},"runtime":"nodejs20","buildEnvironmentVariables":{"GOOGLE_NODE_RUN_SCRIPTS":""},"dockerRegistry":"ARTIFACT_REGISTRY"},"versionId":"1","updateTime":"2025-09-01T16:38:39.805048405Z","buildId":"bb1a9cd7-b25a-4a18-a657-bb852acd6044","buildName":"projects/126163217001/locations/us-central1/builds/bb1a9cd7-b25a-4a18-a657-bb852acd6044"}}
[debug] [2025-09-01T16:39:59.078Z] [create-default-us-central1-adminSetRole] Retrying task index 0
[debug] [2025-09-01T16:39:59.079Z] Checked if tokens are valid: true, expires at: 1756746929613
[debug] [2025-09-01T16:39:59.079Z] Checked if tokens are valid: true, expires at: 1756746929613
[debug] [2025-09-01T16:39:59.079Z] >>> [apiv2][query] GET https://cloudfunctions.googleapis.com/v1/operations/cHJvamVjdHMvZWNvY29sbGFiLTliOWM3L2xvY2F0aW9ucy91cy1jZW50cmFsMS9vcGVyYXRpb25zL29wZXJhdGlvbi0xNzU2NzQ0NzE4MTY2LTYzZGMwMDBlMzI4MDYtZjVmN2FhOTItNDdkOWUxNGU [none]
[debug] [2025-09-01T16:39:59.376Z] <<< [apiv2][status] GET https://cloudfunctions.googleapis.com/v1/operations/cHJvamVjdHMvZWNvY29sbGFiLTliOWM3L2xvY2F0aW9ucy91cy1jZW50cmFsMS9vcGVyYXRpb25zL29wZXJhdGlvbi0xNzU2NzQ0NzE4MTY2LTYzZGMwMDBlMzI4MDYtZjVmN2FhOTItNDdkOWUxNGU 200
[debug] [2025-09-01T16:39:59.376Z] <<< [apiv2][body] GET https://cloudfunctions.googleapis.com/v1/operations/cHJvamVjdHMvZWNvY29sbGFiLTliOWM3L2xvY2F0aW9ucy91cy1jZW50cmFsMS9vcGVyYXRpb25zL29wZXJhdGlvbi0xNzU2NzQ0NzE4MTY2LTYzZGMwMDBlMzI4MDYtZjVmN2FhOTItNDdkOWUxNGU {"name":"operations/cHJvamVjdHMvZWNvY29sbGFiLTliOWM3L2xvY2F0aW9ucy91cy1jZW50cmFsMS9vcGVyYXRpb25zL29wZXJhdGlvbi0xNzU2NzQ0NzE4MTY2LTYzZGMwMDBlMzI4MDYtZjVmN2FhOTItNDdkOWUxNGU","metadata":{"@type":"type.googleapis.com/google.cloud.functions.v1.OperationMetadataV1","target":"projects/ecocollab-9b9c7/locations/us-central1/functions/adminSetRole","type":"CREATE_FUNCTION","request":{"@type":"type.googleapis.com/google.cloud.functions.v1.CloudFunction","name":"projects/ecocollab-9b9c7/locations/us-central1/functions/adminSetRole","httpsTrigger":{"securityLevel":"SECURE_ALWAYS"},"entryPoint":"adminSetRole","updateTime":"1970-01-01T00:00:00Z","labels":{"deployment-tool":"cli-firebase","deployment-callable":"true","firebase-functions-hash":"dbf0e4b259520405629ca65e7bf14141bdedcad4"},"sourceUploadUrl":"https://storage.googleapis.com/uploads-112665752745.us-central1.cloudfunctions.appspot.com/0e7dce2b-46c0-4bb9-9104-c17036c9017f.zip?GoogleAccessId=service-126163217001@gcf-admin-robot.iam.gserviceaccount.com&Expires=1756746517&Signature=BoGXPR1WzJRo1DMdkACExaLEKCcgl%2FzgtSkjHrqiqcLeFMNB%2F24lMRup%2BPLSHMZ8zu425bc6UdZJsBIus0Uz3PzlSRm%2FsvbQ7Rh9n%2Bs2Gw6GIcgGzWqS6eSneNE%2F5Tyaa2tGliaN7T%2FQv%2FHyXWLv1ltS5xOvWnUFIElR4Qt8d5tSNNX36RDgzP4WoFvRCLjXE8WTfS4swkML2J5xxvOaIdKZvRpbNFjgNMe57t436qV4u%2BJ%2BLFEI31jydKXGQhfvKLJQLS6nYYzOxuOQah1sTMpjt9Sn4mOESNzvdMTSLC91klIzTsRc1lEryjDBoD7hJ3rB1tungMnyzcNkbhnCWA%3D%3D","environmentVariables":{"FIREBASE_CONFIG":"{\"projectId\":\"ecocollab-9b9c7\",\"storageBucket\":\"ecocollab-9b9c7.firebasestorage.app\"}","GCLOUD_PROJECT":"ecocollab-9b9c7","EVENTARC_CLOUD_EVENT_SOURCE":"projects/ecocollab-9b9c7/locations/us-central1/functions/adminSetRole"},"runtime":"nodejs20","buildEnvironmentVariables":{"GOOGLE_NODE_RUN_SCRIPTS":""},"dockerRegistry":"ARTIFACT_REGISTRY"},"versionId":"1","updateTime":"2025-09-01T16:38:39.805048405Z","buildId":"bb1a9cd7-b25a-4a18-a657-bb852acd6044","sourceToken":"cd5a17ea-fc22-40ab-9305-d0e6fae0407a","buildName":"projects/126163217001/locations/us-central1/builds/bb1a9cd7-b25a-4a18-a657-bb852acd6044"}}
[debug] [2025-09-01T16:39:59.377Z] Got source token cd5a17ea-fc22-40ab-9305-d0e6fae0407a for region us-central1
[debug] [2025-09-01T16:39:59.377Z] Checked if tokens are valid: true, expires at: 1756746929613
[debug] [2025-09-01T16:39:59.377Z] Checked if tokens are valid: true, expires at: 1756746929613
[debug] [2025-09-01T16:39:59.377Z] >>> [apiv2][query] POST https://cloudfunctions.googleapis.com/v1/projects/ecocollab-9b9c7/locations/us-central1/functions [none]
[debug] [2025-09-01T16:39:59.377Z] >>> [apiv2][body] POST https://cloudfunctions.googleapis.com/v1/projects/ecocollab-9b9c7/locations/us-central1/functions {"name":"projects/ecocollab-9b9c7/locations/us-central1/functions/adminDeleteUser","sourceUploadUrl":"https://storage.googleapis.com/uploads-112665752745.us-central1.cloudfunctions.appspot.com/0e7dce2b-46c0-4bb9-9104-c17036c9017f.zip?GoogleAccessId=service-126163217001@gcf-admin-robot.iam.gserviceaccount.com&Expires=1756746517&Signature=BoGXPR1WzJRo1DMdkACExaLEKCcgl%2FzgtSkjHrqiqcLeFMNB%2F24lMRup%2BPLSHMZ8zu425bc6UdZJsBIus0Uz3PzlSRm%2FsvbQ7Rh9n%2Bs2Gw6GIcgGzWqS6eSneNE%2F5Tyaa2tGliaN7T%2FQv%2FHyXWLv1ltS5xOvWnUFIElR4Qt8d5tSNNX36RDgzP4WoFvRCLjXE8WTfS4swkML2J5xxvOaIdKZvRpbNFjgNMe57t436qV4u%2BJ%2BLFEI31jydKXGQhfvKLJQLS6nYYzOxuOQah1sTMpjt9Sn4mOESNzvdMTSLC91klIzTsRc1lEryjDBoD7hJ3rB1tungMnyzcNkbhnCWA%3D%3D","entryPoint":"adminDeleteUser","runtime":"nodejs20","dockerRegistry":"ARTIFACT_REGISTRY","labels":{"deployment-tool":"cli-firebase","deployment-callable":"true","firebase-functions-hash":"dbf0e4b259520405629ca65e7bf14141bdedcad4"},"httpsTrigger":{"securityLevel":"SECURE_ALWAYS"},"minInstances":null,"maxInstances":null,"ingressSettings":null,"environmentVariables":{"FIREBASE_CONFIG":"{\"projectId\":\"ecocollab-9b9c7\",\"storageBucket\":\"ecocollab-9b9c7.firebasestorage.app\"}","GCLOUD_PROJECT":"ecocollab-9b9c7","EVENTARC_CLOUD_EVENT_SOURCE":"projects/ecocollab-9b9c7/locations/us-central1/functions/adminDeleteUser"},"serviceAccountEmail":null,"availableMemoryMb":null,"timeout":null,"vpcConnector":null,"vpcConnectorEgressSettings":null,"sourceToken":"cd5a17ea-fc22-40ab-9305-d0e6fae0407a","buildEnvironmentVariables":{"GOOGLE_NODE_RUN_SCRIPTS":""}}
[debug] [2025-09-01T16:40:00.055Z] <<< [apiv2][status] POST https://cloudfunctions.googleapis.com/v1/projects/ecocollab-9b9c7/locations/us-central1/functions 200
[debug] [2025-09-01T16:40:00.055Z] <<< [apiv2][body] POST https://cloudfunctions.googleapis.com/v1/projects/ecocollab-9b9c7/locations/us-central1/functions {"name":"operations/cHJvamVjdHMvZWNvY29sbGFiLTliOWM3L2xvY2F0aW9ucy91cy1jZW50cmFsMS9vcGVyYXRpb25zL29wZXJhdGlvbi0xNzU2NzQ0Nzk4NzE5LTYzZGMwMDViMDRjYTQtODZhZDQ3OGYtYzBiNmEzZmU","metadata":{"@type":"type.googleapis.com/google.cloud.functions.v1.OperationMetadataV1","target":"projects/ecocollab-9b9c7/locations/us-central1/functions/adminDeleteUser","updateTime":"2025-09-01T16:39:59.127709866Z"}}
[debug] [2025-09-01T16:40:00.055Z] Checked if tokens are valid: true, expires at: 1756746929613
[debug] [2025-09-01T16:40:00.055Z] Checked if tokens are valid: true, expires at: 1756746929613
[debug] [2025-09-01T16:40:00.055Z] >>> [apiv2][query] GET https://cloudfunctions.googleapis.com/v1/operations/cHJvamVjdHMvZWNvY29sbGFiLTliOWM3L2xvY2F0aW9ucy91cy1jZW50cmFsMS9vcGVyYXRpb25zL29wZXJhdGlvbi0xNzU2NzQ0Nzk4NzE5LTYzZGMwMDViMDRjYTQtODZhZDQ3OGYtYzBiNmEzZmU [none]
[debug] [2025-09-01T16:40:00.274Z] <<< [apiv2][status] GET https://cloudfunctions.googleapis.com/v1/operations/cHJvamVjdHMvZWNvY29sbGFiLTliOWM3L2xvY2F0aW9ucy91cy1jZW50cmFsMS9vcGVyYXRpb25zL29wZXJhdGlvbi0xNzU2NzQ0Nzk4NzE5LTYzZGMwMDViMDRjYTQtODZhZDQ3OGYtYzBiNmEzZmU 200
[debug] [2025-09-01T16:40:00.274Z] <<< [apiv2][body] GET https://cloudfunctions.googleapis.com/v1/operations/cHJvamVjdHMvZWNvY29sbGFiLTliOWM3L2xvY2F0aW9ucy91cy1jZW50cmFsMS9vcGVyYXRpb25zL29wZXJhdGlvbi0xNzU2NzQ0Nzk4NzE5LTYzZGMwMDViMDRjYTQtODZhZDQ3OGYtYzBiNmEzZmU {"name":"operations/cHJvamVjdHMvZWNvY29sbGFiLTliOWM3L2xvY2F0aW9ucy91cy1jZW50cmFsMS9vcGVyYXRpb25zL29wZXJhdGlvbi0xNzU2NzQ0Nzk4NzE5LTYzZGMwMDViMDRjYTQtODZhZDQ3OGYtYzBiNmEzZmU","metadata":{"@type":"type.googleapis.com/google.cloud.functions.v1.OperationMetadataV1","target":"projects/ecocollab-9b9c7/locations/us-central1/functions/adminDeleteUser","updateTime":"2025-09-01T16:39:59.127709866Z"}}
[debug] [2025-09-01T16:40:00.788Z] [create-default-us-central1-adminDeleteUser] Retrying task index 0
[debug] [2025-09-01T16:40:00.788Z] Checked if tokens are valid: true, expires at: 1756746929613
[debug] [2025-09-01T16:40:00.789Z] Checked if tokens are valid: true, expires at: 1756746929613
[debug] [2025-09-01T16:40:00.789Z] >>> [apiv2][query] GET https://cloudfunctions.googleapis.com/v1/operations/cHJvamVjdHMvZWNvY29sbGFiLTliOWM3L2xvY2F0aW9ucy91cy1jZW50cmFsMS9vcGVyYXRpb25zL29wZXJhdGlvbi0xNzU2NzQ0Nzk4NzE5LTYzZGMwMDViMDRjYTQtODZhZDQ3OGYtYzBiNmEzZmU [none]
[debug] [2025-09-01T16:40:00.997Z] <<< [apiv2][status] GET https://cloudfunctions.googleapis.com/v1/operations/cHJvamVjdHMvZWNvY29sbGFiLTliOWM3L2xvY2F0aW9ucy91cy1jZW50cmFsMS9vcGVyYXRpb25zL29wZXJhdGlvbi0xNzU2NzQ0Nzk4NzE5LTYzZGMwMDViMDRjYTQtODZhZDQ3OGYtYzBiNmEzZmU 200
[debug] [2025-09-01T16:40:00.997Z] <<< [apiv2][body] GET https://cloudfunctions.googleapis.com/v1/operations/cHJvamVjdHMvZWNvY29sbGFiLTliOWM3L2xvY2F0aW9ucy91cy1jZW50cmFsMS9vcGVyYXRpb25zL29wZXJhdGlvbi0xNzU2NzQ0Nzk4NzE5LTYzZGMwMDViMDRjYTQtODZhZDQ3OGYtYzBiNmEzZmU {"name":"operations/cHJvamVjdHMvZWNvY29sbGFiLTliOWM3L2xvY2F0aW9ucy91cy1jZW50cmFsMS9vcGVyYXRpb25zL29wZXJhdGlvbi0xNzU2NzQ0Nzk4NzE5LTYzZGMwMDViMDRjYTQtODZhZDQ3OGYtYzBiNmEzZmU","metadata":{"@type":"type.googleapis.com/google.cloud.functions.v1.OperationMetadataV1","target":"projects/ecocollab-9b9c7/locations/us-central1/functions/adminDeleteUser","type":"CREATE_FUNCTION","request":{"@type":"type.googleapis.com/google.cloud.functions.v1.CloudFunction","name":"projects/ecocollab-9b9c7/locations/us-central1/functions/adminDeleteUser","httpsTrigger":{"securityLevel":"SECURE_ALWAYS"},"entryPoint":"adminDeleteUser","updateTime":"1970-01-01T00:00:00Z","labels":{"deployment-tool":"cli-firebase","deployment-callable":"true","firebase-functions-hash":"dbf0e4b259520405629ca65e7bf14141bdedcad4"},"sourceUploadUrl":"https://storage.googleapis.com/uploads-112665752745.us-central1.cloudfunctions.appspot.com/0e7dce2b-46c0-4bb9-9104-c17036c9017f.zip?GoogleAccessId=service-126163217001@gcf-admin-robot.iam.gserviceaccount.com&Expires=1756746517&Signature=BoGXPR1WzJRo1DMdkACExaLEKCcgl%2FzgtSkjHrqiqcLeFMNB%2F24lMRup%2BPLSHMZ8zu425bc6UdZJsBIus0Uz3PzlSRm%2FsvbQ7Rh9n%2Bs2Gw6GIcgGzWqS6eSneNE%2F5Tyaa2tGliaN7T%2FQv%2FHyXWLv1ltS5xOvWnUFIElR4Qt8d5tSNNX36RDgzP4WoFvRCLjXE8WTfS4swkML2J5xxvOaIdKZvRpbNFjgNMe57t436qV4u%2BJ%2BLFEI31jydKXGQhfvKLJQLS6nYYzOxuOQah1sTMpjt9Sn4mOESNzvdMTSLC91klIzTsRc1lEryjDBoD7hJ3rB1tungMnyzcNkbhnCWA%3D%3D","environmentVariables":{"FIREBASE_CONFIG":"{\"projectId\":\"ecocollab-9b9c7\",\"storageBucket\":\"ecocollab-9b9c7.firebasestorage.app\"}","GCLOUD_PROJECT":"ecocollab-9b9c7","EVENTARC_CLOUD_EVENT_SOURCE":"projects/ecocollab-9b9c7/locations/us-central1/functions/adminDeleteUser"},"runtime":"nodejs20","buildEnvironmentVariables":{"GOOGLE_NODE_RUN_SCRIPTS":""},"sourceToken":"cd5a17ea-fc22-40ab-9305-d0e6fae0407a","dockerRegistry":"ARTIFACT_REGISTRY"},"versionId":"1","updateTime":"2025-09-01T16:39:59.127709866Z","sourceToken":"cd5a17ea-fc22-40ab-9305-d0e6fae0407a"}}
[debug] [2025-09-01T16:40:00.997Z] Got source token cd5a17ea-fc22-40ab-9305-d0e6fae0407a for region us-central1
[debug] [2025-09-01T16:40:02.012Z] [create-default-us-central1-adminDeleteUser] Retrying task index 0
[debug] [2025-09-01T16:40:02.013Z] Checked if tokens are valid: true, expires at: 1756746929613
[debug] [2025-09-01T16:40:02.013Z] Checked if tokens are valid: true, expires at: 1756746929613
[debug] [2025-09-01T16:40:02.013Z] >>> [apiv2][query] GET https://cloudfunctions.googleapis.com/v1/operations/cHJvamVjdHMvZWNvY29sbGFiLTliOWM3L2xvY2F0aW9ucy91cy1jZW50cmFsMS9vcGVyYXRpb25zL29wZXJhdGlvbi0xNzU2NzQ0Nzk4NzE5LTYzZGMwMDViMDRjYTQtODZhZDQ3OGYtYzBiNmEzZmU [none]
[debug] [2025-09-01T16:40:02.220Z] <<< [apiv2][status] GET https://cloudfunctions.googleapis.com/v1/operations/cHJvamVjdHMvZWNvY29sbGFiLTliOWM3L2xvY2F0aW9ucy91cy1jZW50cmFsMS9vcGVyYXRpb25zL29wZXJhdGlvbi0xNzU2NzQ0Nzk4NzE5LTYzZGMwMDViMDRjYTQtODZhZDQ3OGYtYzBiNmEzZmU 200
[debug] [2025-09-01T16:40:02.220Z] <<< [apiv2][body] GET https://cloudfunctions.googleapis.com/v1/operations/cHJvamVjdHMvZWNvY29sbGFiLTliOWM3L2xvY2F0aW9ucy91cy1jZW50cmFsMS9vcGVyYXRpb25zL29wZXJhdGlvbi0xNzU2NzQ0Nzk4NzE5LTYzZGMwMDViMDRjYTQtODZhZDQ3OGYtYzBiNmEzZmU {"name":"operations/cHJvamVjdHMvZWNvY29sbGFiLTliOWM3L2xvY2F0aW9ucy91cy1jZW50cmFsMS9vcGVyYXRpb25zL29wZXJhdGlvbi0xNzU2NzQ0Nzk4NzE5LTYzZGMwMDViMDRjYTQtODZhZDQ3OGYtYzBiNmEzZmU","metadata":{"@type":"type.googleapis.com/google.cloud.functions.v1.OperationMetadataV1","target":"projects/ecocollab-9b9c7/locations/us-central1/functions/adminDeleteUser","type":"CREATE_FUNCTION","request":{"@type":"type.googleapis.com/google.cloud.functions.v1.CloudFunction","name":"projects/ecocollab-9b9c7/locations/us-central1/functions/adminDeleteUser","httpsTrigger":{"securityLevel":"SECURE_ALWAYS"},"entryPoint":"adminDeleteUser","updateTime":"1970-01-01T00:00:00Z","labels":{"deployment-tool":"cli-firebase","deployment-callable":"true","firebase-functions-hash":"dbf0e4b259520405629ca65e7bf14141bdedcad4"},"sourceUploadUrl":"https://storage.googleapis.com/uploads-112665752745.us-central1.cloudfunctions.appspot.com/0e7dce2b-46c0-4bb9-9104-c17036c9017f.zip?GoogleAccessId=service-126163217001@gcf-admin-robot.iam.gserviceaccount.com&Expires=1756746517&Signature=BoGXPR1WzJRo1DMdkACExaLEKCcgl%2FzgtSkjHrqiqcLeFMNB%2F24lMRup%2BPLSHMZ8zu425bc6UdZJsBIus0Uz3PzlSRm%2FsvbQ7Rh9n%2Bs2Gw6GIcgGzWqS6eSneNE%2F5Tyaa2tGliaN7T%2FQv%2FHyXWLv1ltS5xOvWnUFIElR4Qt8d5tSNNX36RDgzP4WoFvRCLjXE8WTfS4swkML2J5xxvOaIdKZvRpbNFjgNMe57t436qV4u%2BJ%2BLFEI31jydKXGQhfvKLJQLS6nYYzOxuOQah1sTMpjt9Sn4mOESNzvdMTSLC91klIzTsRc1lEryjDBoD7hJ3rB1tungMnyzcNkbhnCWA%3D%3D","environmentVariables":{"FIREBASE_CONFIG":"{\"projectId\":\"ecocollab-9b9c7\",\"storageBucket\":\"ecocollab-9b9c7.firebasestorage.app\"}","GCLOUD_PROJECT":"ecocollab-9b9c7","EVENTARC_CLOUD_EVENT_SOURCE":"projects/ecocollab-9b9c7/locations/us-central1/functions/adminDeleteUser"},"runtime":"nodejs20","buildEnvironmentVariables":{"GOOGLE_NODE_RUN_SCRIPTS":""},"sourceToken":"cd5a17ea-fc22-40ab-9305-d0e6fae0407a","dockerRegistry":"ARTIFACT_REGISTRY"},"versionId":"1","updateTime":"2025-09-01T16:39:59.127709866Z","sourceToken":"cd5a17ea-fc22-40ab-9305-d0e6fae0407a"}}
[debug] [2025-09-01T16:40:02.220Z] Got source token cd5a17ea-fc22-40ab-9305-d0e6fae0407a for region us-central1
[debug] [2025-09-01T16:40:04.228Z] [create-default-us-central1-adminDeleteUser] Retrying task index 0
[debug] [2025-09-01T16:40:04.228Z] Checked if tokens are valid: true, expires at: 1756746929613
[debug] [2025-09-01T16:40:04.228Z] Checked if tokens are valid: true, expires at: 1756746929613
[debug] [2025-09-01T16:40:04.228Z] >>> [apiv2][query] GET https://cloudfunctions.googleapis.com/v1/operations/cHJvamVjdHMvZWNvY29sbGFiLTliOWM3L2xvY2F0aW9ucy91cy1jZW50cmFsMS9vcGVyYXRpb25zL29wZXJhdGlvbi0xNzU2NzQ0Nzk4NzE5LTYzZGMwMDViMDRjYTQtODZhZDQ3OGYtYzBiNmEzZmU [none]
[debug] [2025-09-01T16:40:04.439Z] <<< [apiv2][status] GET https://cloudfunctions.googleapis.com/v1/operations/cHJvamVjdHMvZWNvY29sbGFiLTliOWM3L2xvY2F0aW9ucy91cy1jZW50cmFsMS9vcGVyYXRpb25zL29wZXJhdGlvbi0xNzU2NzQ0Nzk4NzE5LTYzZGMwMDViMDRjYTQtODZhZDQ3OGYtYzBiNmEzZmU 200
[debug] [2025-09-01T16:40:04.440Z] <<< [apiv2][body] GET https://cloudfunctions.googleapis.com/v1/operations/cHJvamVjdHMvZWNvY29sbGFiLTliOWM3L2xvY2F0aW9ucy91cy1jZW50cmFsMS9vcGVyYXRpb25zL29wZXJhdGlvbi0xNzU2NzQ0Nzk4NzE5LTYzZGMwMDViMDRjYTQtODZhZDQ3OGYtYzBiNmEzZmU {"name":"operations/cHJvamVjdHMvZWNvY29sbGFiLTliOWM3L2xvY2F0aW9ucy91cy1jZW50cmFsMS9vcGVyYXRpb25zL29wZXJhdGlvbi0xNzU2NzQ0Nzk4NzE5LTYzZGMwMDViMDRjYTQtODZhZDQ3OGYtYzBiNmEzZmU","metadata":{"@type":"type.googleapis.com/google.cloud.functions.v1.OperationMetadataV1","target":"projects/ecocollab-9b9c7/locations/us-central1/functions/adminDeleteUser","type":"CREATE_FUNCTION","request":{"@type":"type.googleapis.com/google.cloud.functions.v1.CloudFunction","name":"projects/ecocollab-9b9c7/locations/us-central1/functions/adminDeleteUser","httpsTrigger":{"securityLevel":"SECURE_ALWAYS"},"entryPoint":"adminDeleteUser","updateTime":"1970-01-01T00:00:00Z","labels":{"deployment-tool":"cli-firebase","deployment-callable":"true","firebase-functions-hash":"dbf0e4b259520405629ca65e7bf14141bdedcad4"},"sourceUploadUrl":"https://storage.googleapis.com/uploads-112665752745.us-central1.cloudfunctions.appspot.com/0e7dce2b-46c0-4bb9-9104-c17036c9017f.zip?GoogleAccessId=service-126163217001@gcf-admin-robot.iam.gserviceaccount.com&Expires=1756746517&Signature=BoGXPR1WzJRo1DMdkACExaLEKCcgl%2FzgtSkjHrqiqcLeFMNB%2F24lMRup%2BPLSHMZ8zu425bc6UdZJsBIus0Uz3PzlSRm%2FsvbQ7Rh9n%2Bs2Gw6GIcgGzWqS6eSneNE%2F5Tyaa2tGliaN7T%2FQv%2FHyXWLv1ltS5xOvWnUFIElR4Qt8d5tSNNX36RDgzP4WoFvRCLjXE8WTfS4swkML2J5xxvOaIdKZvRpbNFjgNMe57t436qV4u%2BJ%2BLFEI31jydKXGQhfvKLJQLS6nYYzOxuOQah1sTMpjt9Sn4mOESNzvdMTSLC91klIzTsRc1lEryjDBoD7hJ3rB1tungMnyzcNkbhnCWA%3D%3D","environmentVariables":{"FIREBASE_CONFIG":"{\"projectId\":\"ecocollab-9b9c7\",\"storageBucket\":\"ecocollab-9b9c7.firebasestorage.app\"}","GCLOUD_PROJECT":"ecocollab-9b9c7","EVENTARC_CLOUD_EVENT_SOURCE":"projects/ecocollab-9b9c7/locations/us-central1/functions/adminDeleteUser"},"runtime":"nodejs20","buildEnvironmentVariables":{"GOOGLE_NODE_RUN_SCRIPTS":""},"sourceToken":"cd5a17ea-fc22-40ab-9305-d0e6fae0407a","dockerRegistry":"ARTIFACT_REGISTRY"},"versionId":"1","updateTime":"2025-09-01T16:39:59.127709866Z","buildId":"bb1a9cd7-b25a-4a18-a657-bb852acd6044","sourceToken":"cd5a17ea-fc22-40ab-9305-d0e6fae0407a","buildName":"projects/126163217001/locations/us-central1/builds/bb1a9cd7-b25a-4a18-a657-bb852acd6044"}}
[debug] [2025-09-01T16:40:04.440Z] Got source token cd5a17ea-fc22-40ab-9305-d0e6fae0407a for region us-central1
[debug] [2025-09-01T16:40:08.451Z] [create-default-us-central1-adminDeleteUser] Retrying task index 0
[debug] [2025-09-01T16:40:08.451Z] Checked if tokens are valid: true, expires at: 1756746929613
[debug] [2025-09-01T16:40:08.452Z] Checked if tokens are valid: true, expires at: 1756746929613
[debug] [2025-09-01T16:40:08.452Z] >>> [apiv2][query] GET https://cloudfunctions.googleapis.com/v1/operations/cHJvamVjdHMvZWNvY29sbGFiLTliOWM3L2xvY2F0aW9ucy91cy1jZW50cmFsMS9vcGVyYXRpb25zL29wZXJhdGlvbi0xNzU2NzQ0Nzk4NzE5LTYzZGMwMDViMDRjYTQtODZhZDQ3OGYtYzBiNmEzZmU [none]
[debug] [2025-09-01T16:40:08.657Z] <<< [apiv2][status] GET https://cloudfunctions.googleapis.com/v1/operations/cHJvamVjdHMvZWNvY29sbGFiLTliOWM3L2xvY2F0aW9ucy91cy1jZW50cmFsMS9vcGVyYXRpb25zL29wZXJhdGlvbi0xNzU2NzQ0Nzk4NzE5LTYzZGMwMDViMDRjYTQtODZhZDQ3OGYtYzBiNmEzZmU 200
[debug] [2025-09-01T16:40:08.657Z] <<< [apiv2][body] GET https://cloudfunctions.googleapis.com/v1/operations/cHJvamVjdHMvZWNvY29sbGFiLTliOWM3L2xvY2F0aW9ucy91cy1jZW50cmFsMS9vcGVyYXRpb25zL29wZXJhdGlvbi0xNzU2NzQ0Nzk4NzE5LTYzZGMwMDViMDRjYTQtODZhZDQ3OGYtYzBiNmEzZmU {"name":"operations/cHJvamVjdHMvZWNvY29sbGFiLTliOWM3L2xvY2F0aW9ucy91cy1jZW50cmFsMS9vcGVyYXRpb25zL29wZXJhdGlvbi0xNzU2NzQ0Nzk4NzE5LTYzZGMwMDViMDRjYTQtODZhZDQ3OGYtYzBiNmEzZmU","metadata":{"@type":"type.googleapis.com/google.cloud.functions.v1.OperationMetadataV1","target":"projects/ecocollab-9b9c7/locations/us-central1/functions/adminDeleteUser","type":"CREATE_FUNCTION","request":{"@type":"type.googleapis.com/google.cloud.functions.v1.CloudFunction","name":"projects/ecocollab-9b9c7/locations/us-central1/functions/adminDeleteUser","httpsTrigger":{"securityLevel":"SECURE_ALWAYS"},"entryPoint":"adminDeleteUser","updateTime":"1970-01-01T00:00:00Z","labels":{"deployment-tool":"cli-firebase","deployment-callable":"true","firebase-functions-hash":"dbf0e4b259520405629ca65e7bf14141bdedcad4"},"sourceUploadUrl":"https://storage.googleapis.com/uploads-112665752745.us-central1.cloudfunctions.appspot.com/0e7dce2b-46c0-4bb9-9104-c17036c9017f.zip?GoogleAccessId=service-126163217001@gcf-admin-robot.iam.gserviceaccount.com&Expires=1756746517&Signature=BoGXPR1WzJRo1DMdkACExaLEKCcgl%2FzgtSkjHrqiqcLeFMNB%2F24lMRup%2BPLSHMZ8zu425bc6UdZJsBIus0Uz3PzlSRm%2FsvbQ7Rh9n%2Bs2Gw6GIcgGzWqS6eSneNE%2F5Tyaa2tGliaN7T%2FQv%2FHyXWLv1ltS5xOvWnUFIElR4Qt8d5tSNNX36RDgzP4WoFvRCLjXE8WTfS4swkML2J5xxvOaIdKZvRpbNFjgNMe57t436qV4u%2BJ%2BLFEI31jydKXGQhfvKLJQLS6nYYzOxuOQah1sTMpjt9Sn4mOESNzvdMTSLC91klIzTsRc1lEryjDBoD7hJ3rB1tungMnyzcNkbhnCWA%3D%3D","environmentVariables":{"FIREBASE_CONFIG":"{\"projectId\":\"ecocollab-9b9c7\",\"storageBucket\":\"ecocollab-9b9c7.firebasestorage.app\"}","GCLOUD_PROJECT":"ecocollab-9b9c7","EVENTARC_CLOUD_EVENT_SOURCE":"projects/ecocollab-9b9c7/locations/us-central1/functions/adminDeleteUser"},"runtime":"nodejs20","buildEnvironmentVariables":{"GOOGLE_NODE_RUN_SCRIPTS":""},"sourceToken":"cd5a17ea-fc22-40ab-9305-d0e6fae0407a","dockerRegistry":"ARTIFACT_REGISTRY"},"versionId":"1","updateTime":"2025-09-01T16:40:06.826967141Z","buildId":"bb1a9cd7-b25a-4a18-a657-bb852acd6044","sourceToken":"cd5a17ea-fc22-40ab-9305-d0e6fae0407a","buildName":"projects/126163217001/locations/us-central1/builds/bb1a9cd7-b25a-4a18-a657-bb852acd6044"},"done":true,"response":{"@type":"type.googleapis.com/google.cloud.functions.v1.CloudFunction","name":"projects/ecocollab-9b9c7/locations/us-central1/functions/adminDeleteUser","httpsTrigger":{"url":"https://us-central1-ecocollab-9b9c7.cloudfunctions.net/adminDeleteUser","securityLevel":"SECURE_ALWAYS"},"status":"ACTIVE","entryPoint":"adminDeleteUser","timeout":"60s","availableMemoryMb":256,"serviceAccountEmail":"ecocollab-9b9c7@appspot.gserviceaccount.com","updateTime":"2025-09-01T16:39:59.124157996Z","versionId":"1","labels":{"deployment-tool":"cli-firebase","deployment-callable":"true","firebase-functions-hash":"dbf0e4b259520405629ca65e7bf14141bdedcad4"},"sourceUploadUrl":"https://storage.googleapis.com/uploads-112665752745.us-central1.cloudfunctions.appspot.com/0e7dce2b-46c0-4bb9-9104-c17036c9017f.zip","environmentVariables":{"FIREBASE_CONFIG":"{\"projectId\":\"ecocollab-9b9c7\",\"storageBucket\":\"ecocollab-9b9c7.firebasestorage.app\"}","GCLOUD_PROJECT":"ecocollab-9b9c7","EVENTARC_CLOUD_EVENT_SOURCE":"projects/ecocollab-9b9c7/locations/us-central1/functions/adminDeleteUser"},"runtime":"nodejs20","ingressSettings":"ALLOW_ALL","buildId":"bb1a9cd7-b25a-4a18-a657-bb852acd6044","buildEnvironmentVariables":{"GOOGLE_NODE_RUN_SCRIPTS":""},"buildName":"projects/126163217001/locations/us-central1/builds/bb1a9cd7-b25a-4a18-a657-bb852acd6044","dockerRegistry":"ARTIFACT_REGISTRY","automaticUpdatePolicy":{},"buildServiceAccount":"projects/ecocollab-9b9c7/serviceAccounts/126163217001-compute@developer.gserviceaccount.com","satisfiesPzi":true}}
[debug] [2025-09-01T16:40:08.657Z] Got source token cd5a17ea-fc22-40ab-9305-d0e6fae0407a for region us-central1
[debug] [2025-09-01T16:40:08.657Z] Checked if tokens are valid: true, expires at: 1756746929613
[debug] [2025-09-01T16:40:08.658Z] Checked if tokens are valid: true, expires at: 1756746929613
[debug] [2025-09-01T16:40:08.658Z] >>> [apiv2][query] POST https://cloudfunctions.googleapis.com/v1/projects/ecocollab-9b9c7/locations/us-central1/functions/adminDeleteUser:setIamPolicy [none]
[debug] [2025-09-01T16:40:08.658Z] >>> [apiv2][body] POST https://cloudfunctions.googleapis.com/v1/projects/ecocollab-9b9c7/locations/us-central1/functions/adminDeleteUser:setIamPolicy {"policy":{"bindings":[{"role":"roles/cloudfunctions.invoker","members":["allUsers"]}],"etag":"","version":3},"updateMask":"bindings,etag,version"}
[debug] [2025-09-01T16:40:08.949Z] <<< [apiv2][status] POST https://cloudfunctions.googleapis.com/v1/projects/ecocollab-9b9c7/locations/us-central1/functions/adminDeleteUser:setIamPolicy 403
[debug] [2025-09-01T16:40:08.950Z] <<< [apiv2][body] POST https://cloudfunctions.googleapis.com/v1/projects/ecocollab-9b9c7/locations/us-central1/functions/adminDeleteUser:setIamPolicy {"error":{"code":403,"message":"Permission 'cloudfunctions.functions.setIamPolicy' denied on resource 'projects/ecocollab-9b9c7/locations/us-central1/functions/adminDeleteUser' (or resource may not exist).","status":"PERMISSION_DENIED"}}
[error] Failed to set the IAM Policy on the function projects/ecocollab-9b9c7/locations/us-central1/functions/adminDeleteUser
[debug] [2025-09-01T16:40:09.391Z] [create-default-us-central1-adminSetRole] Retrying task index 0
[debug] [2025-09-01T16:40:09.392Z] Checked if tokens are valid: true, expires at: 1756746929613
[debug] [2025-09-01T16:40:09.392Z] Checked if tokens are valid: true, expires at: 1756746929613
[debug] [2025-09-01T16:40:09.392Z] >>> [apiv2][query] GET https://cloudfunctions.googleapis.com/v1/operations/cHJvamVjdHMvZWNvY29sbGFiLTliOWM3L2xvY2F0aW9ucy91cy1jZW50cmFsMS9vcGVyYXRpb25zL29wZXJhdGlvbi0xNzU2NzQ0NzE4MTY2LTYzZGMwMDBlMzI4MDYtZjVmN2FhOTItNDdkOWUxNGU [none]
[debug] [2025-09-01T16:40:09.600Z] <<< [apiv2][status] GET https://cloudfunctions.googleapis.com/v1/operations/cHJvamVjdHMvZWNvY29sbGFiLTliOWM3L2xvY2F0aW9ucy91cy1jZW50cmFsMS9vcGVyYXRpb25zL29wZXJhdGlvbi0xNzU2NzQ0NzE4MTY2LTYzZGMwMDBlMzI4MDYtZjVmN2FhOTItNDdkOWUxNGU 200
[debug] [2025-09-01T16:40:09.600Z] <<< [apiv2][body] GET https://cloudfunctions.googleapis.com/v1/operations/cHJvamVjdHMvZWNvY29sbGFiLTliOWM3L2xvY2F0aW9ucy91cy1jZW50cmFsMS9vcGVyYXRpb25zL29wZXJhdGlvbi0xNzU2NzQ0NzE4MTY2LTYzZGMwMDBlMzI4MDYtZjVmN2FhOTItNDdkOWUxNGU {"name":"operations/cHJvamVjdHMvZWNvY29sbGFiLTliOWM3L2xvY2F0aW9ucy91cy1jZW50cmFsMS9vcGVyYXRpb25zL29wZXJhdGlvbi0xNzU2NzQ0NzE4MTY2LTYzZGMwMDBlMzI4MDYtZjVmN2FhOTItNDdkOWUxNGU","metadata":{"@type":"type.googleapis.com/google.cloud.functions.v1.OperationMetadataV1","target":"projects/ecocollab-9b9c7/locations/us-central1/functions/adminSetRole","type":"CREATE_FUNCTION","request":{"@type":"type.googleapis.com/google.cloud.functions.v1.CloudFunction","name":"projects/ecocollab-9b9c7/locations/us-central1/functions/adminSetRole","httpsTrigger":{"securityLevel":"SECURE_ALWAYS"},"entryPoint":"adminSetRole","updateTime":"1970-01-01T00:00:00Z","labels":{"deployment-tool":"cli-firebase","deployment-callable":"true","firebase-functions-hash":"dbf0e4b259520405629ca65e7bf14141bdedcad4"},"sourceUploadUrl":"https://storage.googleapis.com/uploads-112665752745.us-central1.cloudfunctions.appspot.com/0e7dce2b-46c0-4bb9-9104-c17036c9017f.zip?GoogleAccessId=service-126163217001@gcf-admin-robot.iam.gserviceaccount.com&Expires=1756746517&Signature=BoGXPR1WzJRo1DMdkACExaLEKCcgl%2FzgtSkjHrqiqcLeFMNB%2F24lMRup%2BPLSHMZ8zu425bc6UdZJsBIus0Uz3PzlSRm%2FsvbQ7Rh9n%2Bs2Gw6GIcgGzWqS6eSneNE%2F5Tyaa2tGliaN7T%2FQv%2FHyXWLv1ltS5xOvWnUFIElR4Qt8d5tSNNX36RDgzP4WoFvRCLjXE8WTfS4swkML2J5xxvOaIdKZvRpbNFjgNMe57t436qV4u%2BJ%2BLFEI31jydKXGQhfvKLJQLS6nYYzOxuOQah1sTMpjt9Sn4mOESNzvdMTSLC91klIzTsRc1lEryjDBoD7hJ3rB1tungMnyzcNkbhnCWA%3D%3D","environmentVariables":{"FIREBASE_CONFIG":"{\"projectId\":\"ecocollab-9b9c7\",\"storageBucket\":\"ecocollab-9b9c7.firebasestorage.app\"}","GCLOUD_PROJECT":"ecocollab-9b9c7","EVENTARC_CLOUD_EVENT_SOURCE":"projects/ecocollab-9b9c7/locations/us-central1/functions/adminSetRole"},"runtime":"nodejs20","buildEnvironmentVariables":{"GOOGLE_NODE_RUN_SCRIPTS":""},"dockerRegistry":"ARTIFACT_REGISTRY"},"versionId":"1","updateTime":"2025-09-01T16:38:39.805048405Z","buildId":"bb1a9cd7-b25a-4a18-a657-bb852acd6044","sourceToken":"cd5a17ea-fc22-40ab-9305-d0e6fae0407a","buildName":"projects/126163217001/locations/us-central1/builds/bb1a9cd7-b25a-4a18-a657-bb852acd6044"}}
[debug] [2025-09-01T16:40:09.600Z] Got source token cd5a17ea-fc22-40ab-9305-d0e6fae0407a for region us-central1
[debug] [2025-09-01T16:40:19.613Z] [create-default-us-central1-adminSetRole] Retrying task index 0
[debug] [2025-09-01T16:40:19.613Z] Checked if tokens are valid: true, expires at: 1756746929613
[debug] [2025-09-01T16:40:19.613Z] Checked if tokens are valid: true, expires at: 1756746929613
[debug] [2025-09-01T16:40:19.613Z] >>> [apiv2][query] GET https://cloudfunctions.googleapis.com/v1/operations/cHJvamVjdHMvZWNvY29sbGFiLTliOWM3L2xvY2F0aW9ucy91cy1jZW50cmFsMS9vcGVyYXRpb25zL29wZXJhdGlvbi0xNzU2NzQ0NzE4MTY2LTYzZGMwMDBlMzI4MDYtZjVmN2FhOTItNDdkOWUxNGU [none]
[debug] [2025-09-01T16:40:19.891Z] <<< [apiv2][status] GET https://cloudfunctions.googleapis.com/v1/operations/cHJvamVjdHMvZWNvY29sbGFiLTliOWM3L2xvY2F0aW9ucy91cy1jZW50cmFsMS9vcGVyYXRpb25zL29wZXJhdGlvbi0xNzU2NzQ0NzE4MTY2LTYzZGMwMDBlMzI4MDYtZjVmN2FhOTItNDdkOWUxNGU 200
[debug] [2025-09-01T16:40:19.891Z] <<< [apiv2][body] GET https://cloudfunctions.googleapis.com/v1/operations/cHJvamVjdHMvZWNvY29sbGFiLTliOWM3L2xvY2F0aW9ucy91cy1jZW50cmFsMS9vcGVyYXRpb25zL29wZXJhdGlvbi0xNzU2NzQ0NzE4MTY2LTYzZGMwMDBlMzI4MDYtZjVmN2FhOTItNDdkOWUxNGU {"name":"operations/cHJvamVjdHMvZWNvY29sbGFiLTliOWM3L2xvY2F0aW9ucy91cy1jZW50cmFsMS9vcGVyYXRpb25zL29wZXJhdGlvbi0xNzU2NzQ0NzE4MTY2LTYzZGMwMDBlMzI4MDYtZjVmN2FhOTItNDdkOWUxNGU","metadata":{"@type":"type.googleapis.com/google.cloud.functions.v1.OperationMetadataV1","target":"projects/ecocollab-9b9c7/locations/us-central1/functions/adminSetRole","type":"CREATE_FUNCTION","request":{"@type":"type.googleapis.com/google.cloud.functions.v1.CloudFunction","name":"projects/ecocollab-9b9c7/locations/us-central1/functions/adminSetRole","httpsTrigger":{"securityLevel":"SECURE_ALWAYS"},"entryPoint":"adminSetRole","updateTime":"1970-01-01T00:00:00Z","labels":{"deployment-tool":"cli-firebase","deployment-callable":"true","firebase-functions-hash":"dbf0e4b259520405629ca65e7bf14141bdedcad4"},"sourceUploadUrl":"https://storage.googleapis.com/uploads-112665752745.us-central1.cloudfunctions.appspot.com/0e7dce2b-46c0-4bb9-9104-c17036c9017f.zip?GoogleAccessId=service-126163217001@gcf-admin-robot.iam.gserviceaccount.com&Expires=1756746517&Signature=BoGXPR1WzJRo1DMdkACExaLEKCcgl%2FzgtSkjHrqiqcLeFMNB%2F24lMRup%2BPLSHMZ8zu425bc6UdZJsBIus0Uz3PzlSRm%2FsvbQ7Rh9n%2Bs2Gw6GIcgGzWqS6eSneNE%2F5Tyaa2tGliaN7T%2FQv%2FHyXWLv1ltS5xOvWnUFIElR4Qt8d5tSNNX36RDgzP4WoFvRCLjXE8WTfS4swkML2J5xxvOaIdKZvRpbNFjgNMe57t436qV4u%2BJ%2BLFEI31jydKXGQhfvKLJQLS6nYYzOxuOQah1sTMpjt9Sn4mOESNzvdMTSLC91klIzTsRc1lEryjDBoD7hJ3rB1tungMnyzcNkbhnCWA%3D%3D","environmentVariables":{"FIREBASE_CONFIG":"{\"projectId\":\"ecocollab-9b9c7\",\"storageBucket\":\"ecocollab-9b9c7.firebasestorage.app\"}","GCLOUD_PROJECT":"ecocollab-9b9c7","EVENTARC_CLOUD_EVENT_SOURCE":"projects/ecocollab-9b9c7/locations/us-central1/functions/adminSetRole"},"runtime":"nodejs20","buildEnvironmentVariables":{"GOOGLE_NODE_RUN_SCRIPTS":""},"dockerRegistry":"ARTIFACT_REGISTRY"},"versionId":"1","updateTime":"2025-09-01T16:40:10.348497774Z","buildId":"bb1a9cd7-b25a-4a18-a657-bb852acd6044","sourceToken":"cd5a17ea-fc22-40ab-9305-d0e6fae0407a","buildName":"projects/126163217001/locations/us-central1/builds/bb1a9cd7-b25a-4a18-a657-bb852acd6044"},"done":true,"response":{"@type":"type.googleapis.com/google.cloud.functions.v1.CloudFunction","name":"projects/ecocollab-9b9c7/locations/us-central1/functions/adminSetRole","httpsTrigger":{"url":"https://us-central1-ecocollab-9b9c7.cloudfunctions.net/adminSetRole","securityLevel":"SECURE_ALWAYS"},"status":"ACTIVE","entryPoint":"adminSetRole","timeout":"60s","availableMemoryMb":256,"serviceAccountEmail":"ecocollab-9b9c7@appspot.gserviceaccount.com","updateTime":"2025-09-01T16:38:39.796323807Z","versionId":"1","labels":{"deployment-tool":"cli-firebase","deployment-callable":"true","firebase-functions-hash":"dbf0e4b259520405629ca65e7bf14141bdedcad4"},"sourceUploadUrl":"https://storage.googleapis.com/uploads-112665752745.us-central1.cloudfunctions.appspot.com/0e7dce2b-46c0-4bb9-9104-c17036c9017f.zip","environmentVariables":{"FIREBASE_CONFIG":"{\"projectId\":\"ecocollab-9b9c7\",\"storageBucket\":\"ecocollab-9b9c7.firebasestorage.app\"}","GCLOUD_PROJECT":"ecocollab-9b9c7","EVENTARC_CLOUD_EVENT_SOURCE":"projects/ecocollab-9b9c7/locations/us-central1/functions/adminSetRole"},"runtime":"nodejs20","ingressSettings":"ALLOW_ALL","buildId":"bb1a9cd7-b25a-4a18-a657-bb852acd6044","buildEnvironmentVariables":{"GOOGLE_NODE_RUN_SCRIPTS":""},"buildName":"projects/126163217001/locations/us-central1/builds/bb1a9cd7-b25a-4a18-a657-bb852acd6044","dockerRegistry":"ARTIFACT_REGISTRY","automaticUpdatePolicy":{},"buildServiceAccount":"projects/ecocollab-9b9c7/serviceAccounts/126163217001-compute@developer.gserviceaccount.com","satisfiesPzi":true}}
[debug] [2025-09-01T16:40:19.891Z] Got source token cd5a17ea-fc22-40ab-9305-d0e6fae0407a for region us-central1
[debug] [2025-09-01T16:40:19.891Z] Checked if tokens are valid: true, expires at: 1756746929613
[debug] [2025-09-01T16:40:19.891Z] Checked if tokens are valid: true, expires at: 1756746929613
[debug] [2025-09-01T16:40:19.891Z] >>> [apiv2][query] POST https://cloudfunctions.googleapis.com/v1/projects/ecocollab-9b9c7/locations/us-central1/functions/adminSetRole:setIamPolicy [none]
[debug] [2025-09-01T16:40:19.892Z] >>> [apiv2][body] POST https://cloudfunctions.googleapis.com/v1/projects/ecocollab-9b9c7/locations/us-central1/functions/adminSetRole:setIamPolicy {"policy":{"bindings":[{"role":"roles/cloudfunctions.invoker","members":["allUsers"]}],"etag":"","version":3},"updateMask":"bindings,etag,version"}
[debug] [2025-09-01T16:40:20.140Z] <<< [apiv2][status] POST https://cloudfunctions.googleapis.com/v1/projects/ecocollab-9b9c7/locations/us-central1/functions/adminSetRole:setIamPolicy 403
[debug] [2025-09-01T16:40:20.140Z] <<< [apiv2][body] POST https://cloudfunctions.googleapis.com/v1/projects/ecocollab-9b9c7/locations/us-central1/functions/adminSetRole:setIamPolicy {"error":{"code":403,"message":"Permission 'cloudfunctions.functions.setIamPolicy' denied on resource 'projects/ecocollab-9b9c7/locations/us-central1/functions/adminSetRole' (or resource may not exist).","status":"PERMISSION_DENIED"}}
[error] Failed to set the IAM Policy on the function projects/ecocollab-9b9c7/locations/us-central1/functions/adminSetRole
[debug] [2025-09-01T16:40:20.148Z] Total Function Deployment time: 101307
[debug] [2025-09-01T16:40:20.148Z] 2 Functions Deployed
[debug] [2025-09-01T16:40:20.148Z] 2 Functions Errored
[debug] [2025-09-01T16:40:20.148Z] 0 Function Deployments Aborted
[debug] [2025-09-01T16:40:20.148Z] Average Function Deployment time: 95710
[info] 
[info] Functions deploy had errors with the following functions:
	adminDeleteUser(us-central1)
	adminSetRole(us-central1)
[info] 
[info] Unable to set the invoker for the IAM policy on the following functions:
	adminDeleteUser(us-central1)
	adminSetRole(us-central1)
[info] 
[info] Some common causes of this:
[info] 
[info] - You may not have the roles/functions.admin IAM role. Note that roles/functions.developer does not allow you to change IAM policies.
[info] 
[info] - An organization policy that restricts Network Access on your project.
[debug] [2025-09-01T16:40:20.284Z] Checked if tokens are valid: true, expires at: 1756746929613
[debug] [2025-09-01T16:40:20.284Z] Checked if tokens are valid: true, expires at: 1756746929613
[debug] [2025-09-01T16:40:20.284Z] >>> [apiv2][query] GET https://artifactregistry.googleapis.com/v1/projects/ecocollab-9b9c7/locations/us-central1/repositories/gcf-artifacts [none]
[debug] [2025-09-01T16:40:21.127Z] <<< [apiv2][status] GET https://artifactregistry.googleapis.com/v1/projects/ecocollab-9b9c7/locations/us-central1/repositories/gcf-artifacts 200
[debug] [2025-09-01T16:40:21.127Z] <<< [apiv2][body] GET https://artifactregistry.googleapis.com/v1/projects/ecocollab-9b9c7/locations/us-central1/repositories/gcf-artifacts {"name":"projects/ecocollab-9b9c7/locations/us-central1/repositories/gcf-artifacts","format":"DOCKER","description":"This repository is created and used by Cloud Functions for storing function docker images.","labels":{"goog-managed-by":"cloudfunctions"},"createTime":"2025-09-01T16:38:50.218885Z","updateTime":"2025-09-01T16:39:46.016820Z","mode":"STANDARD_REPOSITORY","sizeBytes":"500150516","vulnerabilityScanningConfig":{"lastEnableTime":"2025-09-01T16:38:41.817900406Z","enablementState":"SCANNING_DISABLED","enablementStateReason":"API containerscanning.googleapis.com is not enabled."},"satisfiesPzi":true,"registryUri":"us-central1-docker.pkg.dev/ecocollab-9b9c7/gcf-artifacts"}
[warn] !  functions: No cleanup policy detected for repositories in us-central1. This may result in a small monthly bill as container images accumulate over time. 
[debug] [2025-09-01T16:53:06.121Z] ExitPromptError: User force closed the prompt with SIGINT
    at Interface.sigint (C:\Users\bruno\AppData\Roaming\npm\node_modules\firebase-tools\node_modules\@inquirer\core\dist\commonjs\lib\create-prompt.js:101:37)
    at Interface.emit (node:events:518:28)
    at Interface.emit (node:domain:488:12)
    at [_ttyWrite] [as _ttyWrite] (node:internal/readline/interface:1125:18)
    at ReadStream.onkeypress (node:internal/readline/interface:264:20)
    at ReadStream.emit (node:events:530:35)
    at ReadStream.emit (node:domain:488:12)
    at emitKeys (node:internal/readline/utils:371:14)
    at emitKeys.next (<anonymous>)
    at ReadStream.onData (node:internal/readline/emitKeypressEvents:64:36)
[error] 
[error] Error: An unexpected error has occurred.
